(1768226189.771533) slcan0 263#0221080000000000
(1768226189.778979) slcan0 663#102A61087FF1FFFF
(1768226189.779015) slcan0 263#3000000000000000
(1768226189.785103) slcan0 663#210026B67ACD817E
(1768226189.786812) slcan0 663#2284000000C849FF
(1768226189.790640) slcan0 663#2313FF1004FF00FF
(1768226189.794810) slcan0 663#243333FFFF004EFF
(1768226189.799224) slcan0 663#25FFFFFF00004B42
(1768226189.805379) slcan0 663#263C000000000000
(1768226189.869636) slcan0 263#0221080000000000
(1768226189.875216) slcan0 663#102A61087FF1FFFF
(1768226189.875392) slcan0 263#3000000000000000
(1768226189.878867) slcan0 663#210026B67ACD817E
(1768226189.885458) slcan0 663#2284000000C848FF
(1768226189.886911) slcan0 663#2313FF1004FF00FF
(1768226189.890560) slcan0 663#243333FFFF004EFF
(1768226189.895013) slcan0 663#25FFFFFF00004B42
(1768226189.898951) slcan0 663#263C000000000000
(1768226189.965428) slcan0 263#021A8A0000000000
(1768226189.966761) slcan0 663#10125A8A33383732
(1768226189.966937) slcan0 263#3000000000000000
(1768226189.970701) slcan0 663#21302D373652312A
(1768226189.975556) slcan0 663#2200000000000000
(1768226190.050648) slcan0 263#0221080000000000
(1768226190.055362) slcan0 663#102A61087FF1FFFF
(1768226190.055629) slcan0 263#3000000000000000
(1768226190.058812) slcan0 663#210026B67BCD817E
(1768226190.065916) slcan0 663#2284000000C848FF
(1768226190.066776) slcan0 663#2313FF1004FF00FF
(1768226190.070787) slcan0 663#243333FFFF004EFF
(1768226190.075392) slcan0 663#25FFFFFF00004B42
(1768226190.079014) slcan0 663#263C000000000000
(1768226190.130613) slcan0 263#021A8E0000000000
(1768226190.135165) slcan0 663#10125A8E33383732
(1768226190.135424) slcan0 263#3000000000000000
(1768226190.138955) slcan0 663#21302D3736523100
(1768226190.146487) slcan0 663#2200000000000000
(1768226190.222609) slcan0 263#0221080000000000
(1768226190.226538) slcan0 663#102A61087FF1FFFF
(1768226190.226876) slcan0 263#3000000000000000
(1768226190.231008) slcan0 663#210026B67BCD817E
(1768226190.235503) slcan0 663#2284000000C848FF
(1768226190.238882) slcan0 663#2313FF1004FF00FF
(1768226190.246538) slcan0 663#243333FFFF004EFF
(1768226190.250340) slcan0 663#25FFFFFF00004B42
(1768226190.255270) slcan0 663#263C000000000000
(1768226190.374755) slcan0 263#0221080000000000
(1768226190.378957) slcan0 663#102A61087FF1FFFF
(1768226190.379160) slcan0 263#3000000000000000
(1768226190.385194) slcan0 663#210026B67ACD817E
(1768226190.386682) slcan0 663#2284000000C848FF
(1768226190.390579) slcan0 663#2313FF1004FF00FF
(1768226190.395121) slcan0 663#243333FFFF004EFF
(1768226190.399270) slcan0 663#25FFFFFF00004B42
(1768226190.405506) slcan0 663#263C000000000000
(1768226190.460772) slcan0 263#0221080000000000
(1768226190.465824) slcan0 663#102A61087FF1FFFF
(1768226190.466175) slcan0 263#3000000000000000
(1768226190.470975) slcan0 663#210026B67ACD817E
(1768226190.476558) slcan0 663#2284000000C848FF
(1768226190.478925) slcan0 663#2313FF1004FF00FF
(1768226190.485595) slcan0 663#243333FFFF004EFF
(1768226190.486611) slcan0 663#25FFFFFF00004B42
(1768226190.490569) slcan0 663#263C000000000000
(1768226190.550855) slcan0 263#0221080000000000
(1768226190.555592) slcan0 663#102A61087FF1FFFF
(1768226190.555845) slcan0 263#3000000000000000
(1768226190.558877) slcan0 663#210026B67BCD817E
(1768226190.565556) slcan0 663#2285000000C848FF
(1768226190.566602) slcan0 663#2313FF1004FF00FF
(1768226190.570673) slcan0 663#243333FFFF004EFF
(1768226190.576109) slcan0 663#25FFFFFF00004B42
(1768226190.579201) slcan0 663#263C000000000000
(1768226190.642016) slcan0 263#041800FF00000000
(1768226190.646991) slcan0 663#0258000000000000
(1768226190.721839) slcan0 263#0221080000000000
(1768226190.726577) slcan0 663#102A61087FF1FFFF
(1768226190.726836) slcan0 263#3000000000000000
(1768226190.730887) slcan0 663#210026B67BCD817E
(1768226190.735817) slcan0 663#2284000000C848FF
(1768226190.738988) slcan0 663#2313FF1004FF00FF
(1768226190.746357) slcan0 663#243333FFFF004EFF
(1768226190.750913) slcan0 663#25FFFFFF00004B42
(1768226190.755403) slcan0 663#263C000000000000
(1768226190.826975) slcan0 263#0221080000000000
(1768226190.831137) slcan0 663#102A61087FF1FFFF
(1768226190.831269) slcan0 263#3000000000000000
(1768226190.838865) slcan0 663#210026B67BCD817E
(1768226190.847082) slcan0 663#2285000000C848FF
(1768226190.850988) slcan0 663#2313FF1004FF00FF
(1768226190.855535) slcan0 663#243333FFFF004EFF
(1768226190.858780) slcan0 663#25FFFFFF00004B42
(1768226190.865551) slcan0 663#263C000000000000
(1768226190.903006) slcan0 263#0221080000000000
(1768226190.906638) slcan0 663#102A61087FF1FFFF
(1768226190.906805) slcan0 263#3000000000000000
(1768226190.910594) slcan0 663#210026B67ACE817E
(1768226190.917886) slcan0 663#2284000000C848FF
(1768226190.919126) slcan0 663#2313FF1004FF00FF
(1768226190.925459) slcan0 663#243333FFFF004EFF
(1768226190.926531) slcan0 663#25FFFFFF00004B42
(1768226190.930952) slcan0 663#263C000000000000
(1768226191.070925) slcan0 263#0221080000000000
(1768226191.074839) slcan0 663#102A61087FF1FFFF
(1768226191.075000) slcan0 263#3000000000000000
(1768226191.078787) slcan0 663#210026B67ACD817E
(1768226191.085421) slcan0 663#2285000000C847FF
(1768226191.086444) slcan0 663#2313FF1004FF00FF
(1768226191.090330) slcan0 663#243333FFFF004EFF
(1768226191.095131) slcan0 663#25FFFFFF00004B42
(1768226191.098887) slcan0 663#263C000000000000
(1768226191.121955) slcan0 263#0221080000000000
(1768226191.126503) slcan0 663#102A61087FF1FFFF
(1768226191.126742) slcan0 263#3000000000000000
(1768226191.131076) slcan0 663#210026B67ACD817E
(1768226191.135088) slcan0 663#2284000000C847FF
(1768226191.138777) slcan0 663#2313FF1004FF00FF
(1768226191.146601) slcan0 663#243333FFFF004EFF
(1768226191.150427) slcan0 663#25FFFFFF00004B42
(1768226191.155348) slcan0 663#263C000000000000
(1768226191.179062) slcan0 263#0221080000000000
(1768226191.185401) slcan0 663#102A61087FF1FFFF
(1768226191.185581) slcan0 263#3000000000000000
(1768226191.190197) slcan0 663#210026B67ACD817E
(1768226191.194683) slcan0 663#2284000000C848FF
(1768226191.198916) slcan0 663#2313FF1004FF00FF
(1768226191.205528) slcan0 663#243333FFFF004EFF
(1768226191.206362) slcan0 663#25FFFFFF00004B42
(1768226191.210196) slcan0 663#263C000000000000
(1768226191.258063) slcan0 263#0221080000000000
(1768226191.266141) slcan0 663#102A61087FF1FFFF
(1768226191.266155) slcan0 263#3000000000000000
(1768226191.270280) slcan0 663#210026B67ACD817E
(1768226191.275442) slcan0 663#2284000000C847FF
(1768226191.278920) slcan0 663#2313FF1004FF00FF
(1768226191.285323) slcan0 663#243333FFFF004EFF
(1768226191.286463) slcan0 663#25FFFFFF00004B42
(1768226191.290420) slcan0 663#263C000000000000
(1768226191.349107) slcan0 263#0221080000000000
(1768226191.350438) slcan0 663#102A61087FF1FFFF
(1768226191.350562) slcan0 263#3000000000000000
(1768226191.354915) slcan0 663#210026B67ACD817E
(1768226191.359155) slcan0 663#2284000000C847FF
(1768226191.365517) slcan0 663#2313FF1004FF00FF
(1768226191.366426) slcan0 663#243333FFFF004EFF
(1768226191.370347) slcan0 663#25FFFFFF00004B42
(1768226191.375071) slcan0 663#263C000000000000
(1768226191.433068) slcan0 263#0221080000000000
(1768226191.439382) slcan0 663#102A61087FF1FFFF
(1768226191.439620) slcan0 263#3000000000000000
(1768226191.446466) slcan0 663#210026B67BCD817E
(1768226191.450278) slcan0 663#2284000000C847FF
(1768226191.455296) slcan0 663#2313FF1004FF00FF
(1768226191.458916) slcan0 663#243333FFFF004EFF
(1768226191.465471) slcan0 663#25FFFFFF00004B42
(1768226191.466359) slcan0 663#263C000000000000
(1768226191.513206) slcan0 263#0221080000000000
(1768226191.519254) slcan0 663#102A61087FF1FFFF
(1768226191.519429) slcan0 263#3000000000000000
(1768226191.525406) slcan0 663#210026B67BCD817E
(1768226191.526421) slcan0 663#2284000000C848FF
(1768226191.531014) slcan0 663#2313FF1004FF00FF
(1768226191.535110) slcan0 663#243333FFFF004EFF
(1768226191.539339) slcan0 663#25FFFFFF00004B42
(1768226191.546404) slcan0 663#263C000000000000
(1768226191.614129) slcan0 263#0221080000000000
(1768226191.619743) slcan0 663#102A61087FF1FFFF
(1768226191.619989) slcan0 263#3000000000000000
(1768226191.625932) slcan0 663#210026B67ACD817E
(1768226191.626390) slcan0 663#2284000000C848FF
(1768226191.630897) slcan0 663#2313FF1004FF00FF
(1768226191.635317) slcan0 663#243333FFFF004EFF
(1768226191.639099) slcan0 663#25FFFFFF00004B42
(1768226191.646165) slcan0 663#263C000000000000
(1768226191.689185) slcan0 263#0221080000000000
(1768226191.690352) slcan0 663#102A61087FF1FFFF
(1768226191.690493) slcan0 263#3000000000000000
(1768226191.694904) slcan0 663#210026B67BCD817E
(1768226191.699100) slcan0 663#2284000000C848FF
(1768226191.705561) slcan0 663#2313FF1004FF00FF
(1768226191.706369) slcan0 663#243333FFFF004EFF
(1768226191.710353) slcan0 663#25FFFFFF00004B42
(1768226191.717038) slcan0 663#263C000000000000
(1768226191.777167) slcan0 263#0221080000000000
(1768226191.779220) slcan0 663#102A61087FF1FFFF
(1768226191.779426) slcan0 263#3000000000000000
(1768226191.785184) slcan0 663#210026B67BCD817E
(1768226191.786358) slcan0 663#2284000000C848FF
(1768226191.790353) slcan0 663#2313FF1004FF00FF
(1768226191.794768) slcan0 663#243333FFFF004EFF
(1768226191.799866) slcan0 663#25FFFFFF00004B42
(1768226191.805664) slcan0 663#263C000000000000
(1768226191.859210) slcan0 263#0221080000000000
(1768226191.865745) slcan0 663#102A61087FF1FFFF
(1768226191.866094) slcan0 263#3000000000000000
(1768226191.870347) slcan0 663#210026B67BCD817E
(1768226191.875354) slcan0 663#2284000000C848FF
(1768226191.878917) slcan0 663#2313FF1004FF00FF
(1768226191.885332) slcan0 663#243333FFFF004EFF
(1768226191.886380) slcan0 663#25FFFFFF00004A42
(1768226191.890172) slcan0 663#263C000000000000
(1768226191.948159) slcan0 263#041800FF00000000
(1768226191.951015) slcan0 663#0258000000000000
(1768226192.027172) slcan0 263#0221080000000000
(1768226192.031279) slcan0 663#102A61087FF1FFFF
(1768226192.031317) slcan0 263#3000000000000000
(1768226192.039129) slcan0 663#210026B67ACD817E
(1768226192.046658) slcan0 663#2285000000C848FF
(1768226192.050247) slcan0 663#2313FF1004FF00FF
(1768226192.055242) slcan0 663#243333FFFF004EFF
(1768226192.059115) slcan0 663#25FFFFFF00004B42
(1768226192.065600) slcan0 663#263C000000000000
(1768226192.195177) slcan0 263#0221080000000000
(1768226192.199345) slcan0 663#102A61087FF1FFFF
(1768226192.199576) slcan0 263#3000000000000000
(1768226192.205434) slcan0 663#210026B67BCD817E
(1768226192.206348) slcan0 663#2284000000C848FF
(1768226192.209958) slcan0 663#2313FF1004FF00FF
(1768226192.216908) slcan0 663#243333FFFF004EFF
(1768226192.218893) slcan0 663#25FFFFFF00004B42
(1768226192.225550) slcan0 663#263C000000000000
(1768226192.285227) slcan0 263#0221080000000000
(1768226192.290154) slcan0 663#102A61087FF1FFFF
(1768226192.290331) slcan0 263#3000000000000000
(1768226192.295186) slcan0 663#210026B67ACD817E
(1768226192.298861) slcan0 663#2285000000C847FF
(1768226192.305365) slcan0 663#2313FF1004FF00FF
(1768226192.306313) slcan0 663#243333FFFF004EFF
(1768226192.309968) slcan0 663#25FFFFFF00004B42
(1768226192.316982) slcan0 663#263C000000000000
(1768226192.388352) slcan0 263#0221080000000000
(1768226192.390098) slcan0 663#102A61087FF1FFFF
(1768226192.390320) slcan0 263#3000000000000000
(1768226192.394787) slcan0 663#210026B67BCD817E
(1768226192.399264) slcan0 663#2284000000C847FF
(1768226192.406263) slcan0 663#2313FF1004FF00FF
(1768226192.410212) slcan0 663#243333FFFF004EFF
(1768226192.417112) slcan0 663#25FFFFFF00004B42
(1768226192.419019) slcan0 663#263C000000000000
(1768226192.458456) slcan0 263#0221080000000000
(1768226192.466616) slcan0 663#102A61087FF1FFFF
(1768226192.466797) slcan0 263#3000000000000000
(1768226192.470163) slcan0 663#210026B67ACD817E
(1768226192.475180) slcan0 663#2284000000C847FF
(1768226192.478920) slcan0 663#2313FF1004FF00FF
(1768226192.486580) slcan0 663#243333FFFF004EFF
(1768226192.490208) slcan0 663#25FFFFFF00004B42
(1768226192.494823) slcan0 663#263C000000000000
(1768226192.539532) slcan0 263#0221080000000000
(1768226192.546872) slcan0 663#102A61087FF1FFFF
(1768226192.547100) slcan0 263#3000000000000000
(1768226192.550160) slcan0 663#210026B67ACD817E
(1768226192.555045) slcan0 663#2285000000C847FF
(1768226192.559391) slcan0 663#2313FF1004FF00FF
(1768226192.565771) slcan0 663#243333FFFF004EFF
(1768226192.566449) slcan0 663#25FFFFFF00004B42
(1768226192.570190) slcan0 663#263C000000000000
(1768226192.626423) slcan0 263#0221080000000000
(1768226192.630991) slcan0 663#102A61087FF1FFFF
(1768226192.631227) slcan0 263#3000000000000000
(1768226192.638958) slcan0 663#210026B67BCD817E
(1768226192.647111) slcan0 663#2285000000C847FF
(1768226192.650075) slcan0 663#2313FF1004FF00FF
(1768226192.655361) slcan0 663#243333FFFF004EFF
(1768226192.658880) slcan0 663#25FFFFFF00004B42
(1768226192.665655) slcan0 663#263C000000000000
(1768226192.706423) slcan0 263#0221080000000000
(1768226192.710167) slcan0 663#102A61087FF1FFFF
(1768226192.710351) slcan0 263#3000000000000000
(1768226192.717213) slcan0 663#210026B67ACD817E
(1768226192.718924) slcan0 663#2284000000C847FF
(1768226192.725527) slcan0 663#2313FF1004FF00FF
(1768226192.726147) slcan0 663#243333FFFF004EFF
(1768226192.730835) slcan0 663#25FFFFFF00004B42
(1768226192.735263) slcan0 663#263C000000000000
(1768226192.797701) slcan0 263#0221080000000000
(1768226192.805684) slcan0 663#102A61087FF1FFFF
(1768226192.805829) slcan0 263#3000000000000000
(1768226192.810357) slcan0 663#210026B67BCD817E
(1768226192.816628) slcan0 663#2284000000C847FF
(1768226192.818918) slcan0 663#2313FF1004FF00FF
(1768226192.822064) slcan0 663#243333FFFF004EFF
(1768226192.826784) slcan0 663#25FFFFFF00004B42
(1768226192.830864) slcan0 663#263C000000000000
(1768226192.900700) slcan0 263#0221080000000000
(1768226192.905737) slcan0 663#102A61087FF1FFFF
(1768226192.906129) slcan0 263#3000000000000000
(1768226192.910209) slcan0 663#210026B67ACD817E
(1768226192.917118) slcan0 663#2285000000C847FF
(1768226192.919120) slcan0 663#2313FF1004FF00FF
(1768226192.925617) slcan0 663#243333FFFF004EFF
(1768226192.926397) slcan0 663#25FFFFFF00004B42
(1768226192.931183) slcan0 663#263C000000000000
(1768226192.966777) slcan0 263#0221080000000000
(1768226192.970243) slcan0 663#102A61087FF1FFFF
(1768226192.970265) slcan0 263#3000000000000000
(1768226192.974590) slcan0 663#210026B67BCD817E
(1768226192.979053) slcan0 663#2284000000C847FF
(1768226192.985215) slcan0 663#2313FF1004FF00FF
(1768226192.986471) slcan0 663#243333FFFF004EFF
(1768226192.990092) slcan0 663#25FFFFFF00004B42
(1768226192.994448) slcan0 663#263C000000000000
(1768226193.049765) slcan0 263#0221080000000000
(1768226193.054750) slcan0 663#102A61087FF1FFFF
(1768226193.054895) slcan0 263#3000000000000000
(1768226193.059289) slcan0 663#210026B67BCD817E
(1768226193.066476) slcan0 663#2284000000C847FF
(1768226193.070258) slcan0 663#2313FF1004FF00FF
(1768226193.075423) slcan0 663#243333FFFF004EFF
(1768226193.078952) slcan0 663#25FFFFFF00004B42
(1768226193.086231) slcan0 663#263C000000000000
(1768226193.153863) slcan0 263#0221080000000000
(1768226193.159436) slcan0 663#102A61087FF1FFFF
(1768226193.159462) slcan0 263#3000000000000000
(1768226193.165392) slcan0 663#210026B67ACD817E
(1768226193.166227) slcan0 663#2284000000C848FF
(1768226193.170069) slcan0 663#2313FF1004FF00FF
(1768226193.174420) slcan0 663#243333FFFF004EFF
(1768226193.178800) slcan0 663#25FFFFFF00004B42
(1768226193.186862) slcan0 663#263C000000000000
(1768226193.222809) slcan0 263#0221080000000000
(1768226193.226142) slcan0 663#102A61087FF1FFFF
(1768226193.226372) slcan0 263#3000000000000000
(1768226193.230992) slcan0 663#210026B67ACD817E
(1768226193.234868) slcan0 663#2284000000C848FF
(1768226193.239096) slcan0 663#2313FF1004FF00FF
(1768226193.247183) slcan0 663#243333FFFF004EFF
(1768226193.250158) slcan0 663#25FFFFFF00004B42
(1768226193.255007) slcan0 663#263C000000000000
(1768226193.332006) slcan0 263#041800FF00000000
(1768226193.339317) slcan0 663#0258000000000000
(1768226193.417987) slcan0 263#0221080000000000
(1768226193.425675) slcan0 663#102A61087FF1FFFF
(1768226193.425912) slcan0 263#3000000000000000
(1768226193.431154) slcan0 663#210026B67BCD817E
(1768226193.435501) slcan0 663#2285000000C848FF
(1768226193.439148) slcan0 663#2313FF1004FF00FF
(1768226193.446425) slcan0 663#243333FFFF004EFF
(1768226193.450069) slcan0 663#25FFFFFF00004B42
(1768226193.454751) slcan0 663#263C000000000000
(1768226193.482911) slcan0 263#0221080000000000
(1768226193.486192) slcan0 663#102A61087FF1FFFF
(1768226193.486397) slcan0 263#3000000000000000
(1768226193.489955) slcan0 663#210026B67ACD817E
(1768226193.494744) slcan0 663#2284000000C848FF
(1768226193.498919) slcan0 663#2313FF1004FF00FF
(1768226193.505157) slcan0 663#243333FFFF004EFF
(1768226193.506141) slcan0 663#25FFFFFF00004B42
(1768226193.509842) slcan0 663#263C000000000000
(1768226193.618155) slcan0 263#0221080000000000
(1768226193.625352) slcan0 663#102A61087FF1FFFF
(1768226193.625419) slcan0 263#3000000000000000
(1768226193.630731) slcan0 663#210026B67ACD817E
(1768226193.634644) slcan0 663#2284000000C848FF
(1768226193.639204) slcan0 663#2313FF1004FF00FF
(1768226193.646086) slcan0 663#243333FFFF004EFF
(1768226193.649915) slcan0 663#25FFFFFF00004B42
(1768226193.654588) slcan0 663#263C000000000000
(1768226193.704169) slcan0 263#0221080000000000
(1768226193.706188) slcan0 663#102A61087FF1FFFF
(1768226193.706406) slcan0 263#3000000000000000
(1768226193.710067) slcan0 663#210026B67ACD817E
(1768226193.716833) slcan0 663#2284000000C847FF
(1768226193.718924) slcan0 663#2313FF1004FF00FF
(1768226193.725375) slcan0 663#243333FFFF004EFF
(1768226193.726123) slcan0 663#25FFFFFF00004B42
(1768226193.730939) slcan0 663#263C000000000000
(1768226193.785230) slcan0 263#0221080000000000
(1768226193.790582) slcan0 663#102A61087FF1FFFF
(1768226193.790762) slcan0 263#3000000000000000
(1768226193.794995) slcan0 663#210026B67BCD817E
(1768226193.799032) slcan0 663#2284000000C847FF
(1768226193.805119) slcan0 663#2313FF1004FF00FF
(1768226193.806036) slcan0 663#243333FFFF004EFF
(1768226193.810016) slcan0 663#25FFFFFF00004B42
(1768226193.816610) slcan0 663#263C000000000000
(1768226193.869335) slcan0 263#0221080000000000
(1768226193.874914) slcan0 663#102A61087FF1FFFF
(1768226193.875136) slcan0 263#3000000000000000
(1768226193.879090) slcan0 663#210026B67ACD817E
(1768226193.884986) slcan0 663#2285000000C847FF
(1768226193.886097) slcan0 663#2313FF1004FF00FF
(1768226193.890625) slcan0 663#243333FFFF004EFF
(1768226193.894515) slcan0 663#25FFFFFF00004B42
(1768226193.898817) slcan0 663#263C000000000000
(1768226193.962289) slcan0 263#0221080000000000
(1768226193.965973) slcan0 663#102A61087FF1FFFF
(1768226193.966172) slcan0 263#3000000000000000
(1768226193.969966) slcan0 663#210026B67ACD817E
(1768226193.974884) slcan0 663#2284000000C847FF
(1768226193.978746) slcan0 663#2313FF1004FF00FF
(1768226193.981957) slcan0 663#243333FFFF004EFF
(1768226193.986043) slcan0 663#25FFFFFF00004B42
(1768226193.990328) slcan0 663#263C000000000000
(1768226194.043503) slcan0 263#0221080000000000
(1768226194.046881) slcan0 663#102A61087FF1FFFF
(1768226194.047083) slcan0 263#3000000000000000
(1768226194.049950) slcan0 663#210026B67BCD817E
(1768226194.054747) slcan0 663#2285000000C847FF
(1768226194.059158) slcan0 663#2313FF1004FF00FF
(1768226194.065357) slcan0 663#243333FFFF004EFF
(1768226194.066163) slcan0 663#25FFFFFF00004B42
(1768226194.069935) slcan0 663#263C000000000000
(1768226194.133340) slcan0 263#0221080000000000
(1768226194.138790) slcan0 663#102A61087FF1FFFF
(1768226194.138948) slcan0 263#3000000000000000
(1768226194.146470) slcan0 663#210026B67BCD817E
(1768226194.151285) slcan0 663#2285000000C847FF
(1768226194.155175) slcan0 663#2313FF1004FF00FF
(1768226194.158783) slcan0 663#243333FFFF004EFF
(1768226194.165163) slcan0 663#25FFFFFF00004B42
(1768226194.166420) slcan0 663#263C000000000000
(1768226194.209390) slcan0 263#0221080000000000
(1768226194.216691) slcan0 663#102A61087FF1FFFF
(1768226194.216870) slcan0 263#3000000000000000
(1768226194.218835) slcan0 663#210026B67BCD817E
(1768226194.224958) slcan0 663#2285000000C847FF
(1768226194.226259) slcan0 663#2313FF1004FF00FF
(1768226194.230977) slcan0 663#243333FFFF004EFF
(1768226194.234774) slcan0 663#25FFFFFF00004B42
(1768226194.238906) slcan0 663#263C000000000000
(1768226194.303273) slcan0 263#0221080000000000
(1768226194.305800) slcan0 663#102A61087FF1FFFF
(1768226194.306079) slcan0 263#3000000000000000
(1768226194.309757) slcan0 663#210026B67BCD817E
(1768226194.316990) slcan0 663#2284000000C847FF
(1768226194.318817) slcan0 663#2313FF1004FF00FF
(1768226194.321792) slcan0 663#243333FFFF004EFF
(1768226194.325758) slcan0 663#25FFFFFF00004B42
(1768226194.331514) slcan0 663#263C000000000000
(1768226194.384399) slcan0 263#0221080000000000
(1768226194.385855) slcan0 663#102A61087FF1FFFF
(1768226194.386019) slcan0 263#3000000000000000
(1768226194.389759) slcan0 663#210026B67BCD817E
(1768226194.395219) slcan0 663#2285000000C847FF
(1768226194.398878) slcan0 663#2313FF1004FF00FF
(1768226194.401739) slcan0 663#243333FFFF004EFF
(1768226194.405823) slcan0 663#25FFFFFF00004B42
(1768226194.409856) slcan0 663#263C000000000000
(1768226194.474451) slcan0 263#0221080000000000
(1768226194.479026) slcan0 663#102A61087FF1FFFF
(1768226194.479247) slcan0 263#3000000000000000
(1768226194.484918) slcan0 663#210026B67ACD817E
(1768226194.485853) slcan0 663#2284000000C847FF
(1768226194.489780) slcan0 663#2313FF1004FF00FF
(1768226194.495370) slcan0 663#243333FFFF004EFF
(1768226194.498766) slcan0 663#25FFFFFF00004B42
(1768226194.505457) slcan0 663#263C000000000000
(1768226194.551569) slcan0 263#0221080000000000
(1768226194.558859) slcan0 663#102A61087FF1FFFF
(1768226194.559106) slcan0 263#3000000000000000
(1768226194.565336) slcan0 663#210026B67BCD817E
(1768226194.565837) slcan0 663#2284000000C847FF
(1768226194.569724) slcan0 663#2313FF1004FF00FF
(1768226194.575529) slcan0 663#243333FFFF004EFF
(1768226194.578712) slcan0 663#25FFFFFF00004B42
(1768226194.581865) slcan0 663#263C000000000000
(1768226194.659655) slcan0 263#041800FF00000000
(1768226194.665067) slcan0 663#0258000000000000
(1768226194.744750) slcan0 263#0221080000000000
(1768226194.746380) slcan0 663#102A61087FF1FFFF
(1768226194.746634) slcan0 263#3000000000000000
(1768226194.749851) slcan0 663#210026B67BCD817E
(1768226194.755593) slcan0 663#2285000000C847FF
(1768226194.758746) slcan0 663#2313FF1004FF00FF
(1768226194.761707) slcan0 663#243333FFFF004EFF
(1768226194.765846) slcan0 663#25FFFFFF00004B42
(1768226194.769731) slcan0 663#263C000000000000
(1768226194.810691) slcan0 263#0221080000000000
(1768226194.817875) slcan0 663#102A61087FF1FFFF
(1768226194.818001) slcan0 263#3000000000000000
(1768226194.821669) slcan0 663#210026B67BCD817E
(1768226194.825971) slcan0 663#2284000000C847FF
(1768226194.829919) slcan0 663#2313FF1004FF00FF
(1768226194.834980) slcan0 663#243333FFFF005EFF
(1768226194.838992) slcan0 663#25FFFFFF00004B42
(1768226194.845931) slcan0 663#263C000000000000
(1768226194.905677) slcan0 263#0221080000000000
(1768226194.909832) slcan0 663#102A61087FF1FFFF
(1768226194.909977) slcan0 263#3000000000000000
(1768226194.917326) slcan0 663#210026B67BCD817E
(1768226194.918927) slcan0 663#2284000000C848FF
(1768226194.925323) slcan0 663#2313FF1004FF00FF
(1768226194.925988) slcan0 663#243333FFFF004EFF
(1768226194.929836) slcan0 663#25FFFFFF00004B42
(1768226194.935925) slcan0 663#263C000000000000
(1768226194.988826) slcan0 263#0221080000000000
(1768226194.990138) slcan0 663#102A61087FF1FFFF
(1768226194.990424) slcan0 263#3000000000000000
(1768226194.996205) slcan0 663#210026B67ACD817E
(1768226194.998943) slcan0 663#2285000000C848FF
(1768226195.001793) slcan0 663#2313FF1004FF00FF
(1768226195.005972) slcan0 663#243333FFFF004EFF
(1768226195.009770) slcan0 663#25FFFFFF00004B42
(1768226195.016653) slcan0 663#263C000000000000
(1768226195.078850) slcan0 263#0221080000000000
(1768226195.084683) slcan0 663#102A61087FF1FFFF
(1768226195.084881) slcan0 263#3000000000000000
(1768226195.085931) slcan0 663#210026B67BCD817E
(1768226195.089661) slcan0 663#2284000000C848FF
(1768226195.094421) slcan0 663#2313FF1004FF00FF
(1768226195.098793) slcan0 663#243333FFFF004EFF
(1768226195.101660) slcan0 663#25FFFFFF00004B42
(1768226195.105863) slcan0 663#263C000000000000
(1768226195.160904) slcan0 263#0221080000000000
(1768226195.165777) slcan0 663#102A61087FF1FFFF
(1768226195.166024) slcan0 263#3000000000000000
(1768226195.169798) slcan0 663#210026B67ACD817E
(1768226195.175373) slcan0 663#2284000000C848FF
(1768226195.178564) slcan0 663#2313FF1004FF00FF
(1768226195.181576) slcan0 663#243333FFFF004EFF
(1768226195.185905) slcan0 663#25FFFFFF00004B42
(1768226195.189696) slcan0 663#263C000000000000
(1768226195.245829) slcan0 263#0221080000000000
(1768226195.249730) slcan0 663#102A61087FF1FFFF
(1768226195.249992) slcan0 263#3000000000000000
(1768226195.254616) slcan0 663#210026B67BCD817E
(1768226195.258952) slcan0 663#2284000000C848FF
(1768226195.261665) slcan0 663#2313FF1004FF00FF
(1768226195.265714) slcan0 663#243333FFFF004EFF
(1768226195.269743) slcan0 663#25FFFFFF00004B42
(1768226195.274627) slcan0 663#263C000000000000
(1768226195.331941) slcan0 263#0221080000000000
(1768226195.339098) slcan0 663#102A61087FF1FFFF
(1768226195.339110) slcan0 263#3000000000000000
(1768226195.346075) slcan0 663#210026B67BCD817E
(1768226195.349772) slcan0 663#2284000000C848FF
(1768226195.355043) slcan0 663#2313FF1004FF00FF
(1768226195.357827) slcan0 663#243333FFFF004EFF
(1768226195.365073) slcan0 663#25FFFFFF00004B42
(1768226195.365871) slcan0 663#263C000000000000
(1768226195.412066) slcan0 263#0221080000000000
(1768226195.419107) slcan0 663#102A61087FF1FFFF
(1768226195.419206) slcan0 263#3000000000000000
(1768226195.425127) slcan0 663#210026B67BCD817E
(1768226195.425809) slcan0 663#2285000000C848FF
(1768226195.430772) slcan0 663#2313FF1004FF00FF
(1768226195.434491) slcan0 663#243333FFFF004EFF
(1768226195.437804) slcan0 663#25FFFFFF00004B42
(1768226195.441459) slcan0 663#263C000000000000
(1768226195.506141) slcan0 263#0221080000000000
(1768226195.509822) slcan0 663#102A61087FF1FFFF
(1768226195.510028) slcan0 263#3000000000000000
(1768226195.516560) slcan0 663#210026B67ACD817E
(1768226195.517823) slcan0 663#2284000000C848FF
(1768226195.525196) slcan0 663#2313FF1004FF00FF
(1768226195.525793) slcan0 663#243333FFFF004EFF
(1768226195.529765) slcan0 663#25FFFFFF00004B42
(1768226195.534625) slcan0 663#263C000000000000
(1768226195.593150) slcan0 263#0221080000000000
(1768226195.599668) slcan0 663#102A61087FF1FFFF
(1768226195.599915) slcan0 263#3000000000000000
(1768226195.604944) slcan0 663#210026B67ACD817E
(1768226195.605767) slcan0 663#2284000000C848FF
(1768226195.609734) slcan0 663#2313FF1004FF00FF
(1768226195.616190) slcan0 663#243333FFFF004EFF
(1768226195.617696) slcan0 663#25FFFFFF00004B42
(1768226195.621740) slcan0 663#263C000000000000
(1768226195.664954) slcan0 263#0221080000000000
(1768226195.669563) slcan0 663#102A61087FF1FFFF
(1768226195.669883) slcan0 263#3000000000000000
(1768226195.674346) slcan0 663#210026B67BCD817E
(1768226195.677577) slcan0 663#2284000000C848FF
(1768226195.684426) slcan0 663#2313FF1004FF00FF
(1768226195.685553) slcan0 663#243333FFFF004EFF
(1768226195.689534) slcan0 663#25FFFFFF00004B42
(1768226195.694205) slcan0 663#263C000000000000
(1768226195.757213) slcan0 263#0221080000000000
(1768226195.761746) slcan0 663#102A61087FF1FFFF
(1768226195.761961) slcan0 263#3000000000000000
(1768226195.765910) slcan0 663#210026B67ACD817E
(1768226195.769701) slcan0 663#2284000000C847FF
(1768226195.774669) slcan0 663#2313FF1004FF00FF
(1768226195.779341) slcan0 663#243333FFFF004EFF
(1768226195.781647) slcan0 663#25FFFFFF00004B42
(1768226195.785789) slcan0 663#263C000000000000
(1768226195.842083) slcan0 263#0221080000000000
(1768226195.846379) slcan0 663#102A61087FF1FFFF
(1768226195.846545) slcan0 263#3000000000000000
(1768226195.849653) slcan0 663#210026B67ACD817E
(1768226195.854776) slcan0 663#2284000000C847FF
(1768226195.859229) slcan0 663#2313FF1004FF00FF
(1768226195.861590) slcan0 663#243333FFFF004EFF
(1768226195.865791) slcan0 663#25FFFFFF00004B42
(1768226195.869603) slcan0 663#263C000000000000
(1768226196.007255) slcan0 263#041800FF00000000
(1768226196.009889) slcan0 663#0258000000000000
(1768226196.091409) slcan0 263#0221080000000000
(1768226196.100137) slcan0 663#102A61087FF1FFFF
(1768226196.100368) slcan0 263#3000000000000000
(1768226196.101596) slcan0 663#210026B67ACD817E
(1768226196.105701) slcan0 663#2284000000C848FF
(1768226196.109658) slcan0 663#2313FF1004FF00FF
(1768226196.116402) slcan0 663#243333FFFF004EFF
(1768226196.117616) slcan0 663#25FFFFFF00004B42
(1768226196.121555) slcan0 663#263C000000000000
(1768226196.180286) slcan0 263#0221080000000000
(1768226196.181550) slcan0 663#102A61087FF1FFFF
(1768226196.181775) slcan0 263#3000000000000000
(1768226196.185849) slcan0 663#210026B67ACD817E
(1768226196.189575) slcan0 663#2284000000C847FF
(1768226196.194576) slcan0 663#2313FF1004FF00FF
(1768226196.197540) slcan0 663#243333FFFF004EFF
(1768226196.201607) slcan0 663#25FFFFFF00004B42
(1768226196.205525) slcan0 663#263C000000000000
(1768226196.289474) slcan0 263#0221080000000000
(1768226196.294425) slcan0 663#102A61087FF1FFFF
(1768226196.294732) slcan0 263#3000000000000000
(1768226196.297624) slcan0 663#210026B67ACD817E
(1768226196.301560) slcan0 663#2285000000C847FF
(1768226196.305552) slcan0 663#2313FF1004FF00FF
(1768226196.309577) slcan0 663#243333FFFF004EFF
(1768226196.316776) slcan0 663#25FFFFFF00004B42
(1768226196.317596) slcan0 663#263C000000000000
(1768226196.363438) slcan0 263#0221080000000000
(1768226196.365585) slcan0 663#102A61087FF1FFFF
(1768226196.365836) slcan0 263#3000000000000000
(1768226196.369535) slcan0 663#210026B67BCD817E
(1768226196.374702) slcan0 663#2285000000C847FF
(1768226196.377557) slcan0 663#2313FF1004FF00FF
(1768226196.381569) slcan0 663#243333FFFF004EFF
(1768226196.385629) slcan0 663#25FFFFFF00004B42
(1768226196.389642) slcan0 663#263C000000000000
(1768226196.441484) slcan0 263#0221080000000000
(1768226196.446426) slcan0 663#102A61087FF1FFFF
(1768226196.446616) slcan0 263#3000000000000000
(1768226196.449642) slcan0 663#210026B67BCD817E
(1768226196.454798) slcan0 663#2285000000C847FF
(1768226196.457532) slcan0 663#2313FF1004FF00FF
(1768226196.461566) slcan0 663#243333FFFF004EFF
(1768226196.465531) slcan0 663#25FFFFFF00004B42
(1768226196.469637) slcan0 663#263C000000000000
(1768226196.531533) slcan0 263#0221080000000000
(1768226196.537599) slcan0 663#102A61087FF1FFFF
(1768226196.537837) slcan0 263#3000000000000000
(1768226196.541602) slcan0 663#210026B67BCD817E
(1768226196.546517) slcan0 663#2284000000C847FF
(1768226196.549637) slcan0 663#2313FF1004FF00FF
(1768226196.555022) slcan0 663#243333FFFF004EFF
(1768226196.557635) slcan0 663#25FFFFFF00004B42
(1768226196.565437) slcan0 663#263C000000000000
(1768226196.610440) slcan0 263#0221080000000000
(1768226196.616422) slcan0 663#102A61087FF1FFFF
(1768226196.616655) slcan0 263#3000000000000000
(1768226196.625294) slcan0 663#210026B67BCD817E
(1768226196.629500) slcan0 663#2285000000C847FF
(1768226196.634653) slcan0 663#2313FF1004FF00FF
(1768226196.637435) slcan0 663#243333FFFF004EFF
(1768226196.641525) slcan0 663#25FFFFFF00004B42
(1768226196.645986) slcan0 663#263C000000000000
(1768226196.774430) slcan0 263#0221080000000000
(1768226196.777520) slcan0 663#102A61087FF1FFFF
(1768226196.777796) slcan0 263#3000000000000000
(1768226196.781521) slcan0 663#210026B67BCD817E
(1768226196.785528) slcan0 663#2284000000C847FF
(1768226196.789460) slcan0 663#2313FF1004FF00FF
(1768226196.794684) slcan0 663#243333FFFF004EFF
(1768226196.797495) slcan0 663#25FFFFFF00004B42
(1768226196.801444) slcan0 663#263C000000000000
(1768226196.871324) slcan0 263#0221080000000000
(1768226196.877354) slcan0 663#102A61087FF1FFFF
(1768226196.877586) slcan0 263#3000000000000000
(1768226196.881380) slcan0 663#210026B67ACD817E
(1768226196.885417) slcan0 663#2284000000C847FF
(1768226196.889359) slcan0 663#2313FF1004FF00FF
(1768226196.894247) slcan0 663#243333FFFF004EFF
(1768226196.897387) slcan0 663#25FFFFFF00004B42
(1768226196.901381) slcan0 663#263C000000000000
(1768226197.057534) slcan0 263#0221080000000000
(1768226197.061471) slcan0 663#102A61087FF1FFFF
(1768226197.061710) slcan0 263#3000000000000000
(1768226197.065699) slcan0 663#210026B67BCD817E
(1768226197.069435) slcan0 663#2285000000C847FF
(1768226197.074465) slcan0 663#2313FF1004FF00FF
(1768226197.077341) slcan0 663#243333FFFF004EFF
(1768226197.081328) slcan0 663#25FFFFFF00004B42
(1768226197.085284) slcan0 663#263C000000000000
(1768226197.131588) slcan0 263#0221080000000000
(1768226197.137492) slcan0 663#102A61087FF1FFFF
(1768226197.137677) slcan0 263#3000000000000000
(1768226197.146209) slcan0 663#210026B67BCD817E
(1768226197.149422) slcan0 663#2284000000C847FF
(1768226197.154989) slcan0 663#2313FF1004FF00FF
(1768226197.157597) slcan0 663#243333FFFF004EFF
(1768226197.161510) slcan0 663#25FFFFFF00004B42
(1768226197.166116) slcan0 663#263C000000000000
(1768226197.219337) slcan0 263#0221080000000000
(1768226197.221266) slcan0 663#102A61087FF1FFFF
(1768226197.221499) slcan0 263#3000000000000000
(1768226197.226082) slcan0 663#210026B67BCD817E
(1768226197.229164) slcan0 663#2285000000C847FF
(1768226197.234249) slcan0 663#2313FF1004FF00FF
(1768226197.237218) slcan0 663#243333FFFF004EFF
(1768226197.241397) slcan0 663#25FFFFFF00004B42
(1768226197.246119) slcan0 663#263C000000000000
(1768226197.304491) slcan0 263#0221080000000000
(1768226197.309636) slcan0 663#102A61087FF1FFFF
(1768226197.310055) slcan0 263#3000000000000000
(1768226197.316358) slcan0 663#210026B67BCD817E
(1768226197.317397) slcan0 663#2284000000C847FF
(1768226197.321293) slcan0 663#2313FF1004FF00FF
(1768226197.325424) slcan0 663#243333FFFF004EFF
(1768226197.329485) slcan0 663#25FFFFFF00004B42
(1768226197.334651) slcan0 663#263C000000000000
(1768226197.384527) slcan0 263#0221080000000000
(1768226197.389358) slcan0 663#102A61087FF1FFFF
(1768226197.389720) slcan0 263#3000000000000000
(1768226197.394647) slcan0 663#210026B67BCD817E
(1768226197.397367) slcan0 663#2284000000C847FF
(1768226197.401409) slcan0 663#2313FF1004FF00FF
(1768226197.406673) slcan0 663#243333FFFF004EFF
(1768226197.409361) slcan0 663#25FFFFFF00004B42
(1768226197.416242) slcan0 663#263C000000000000
(1768226197.466607) slcan0 263#041800FF00000000
(1768226197.469760) slcan0 663#0258000000000000
(1768226197.551510) slcan0 263#0221080000000000
(1768226197.557642) slcan0 663#102A61087FF1FFFF
(1768226197.557890) slcan0 263#3000000000000000
(1768226197.561407) slcan0 663#210026B67BCD817E
(1768226197.565438) slcan0 663#2284000000C847FF
(1768226197.569277) slcan0 663#2313FF1004FF00FF
(1768226197.574621) slcan0 663#243333FFFF004EFF
(1768226197.577294) slcan0 663#25FFFFFF00004B42
(1768226197.581244) slcan0 663#263C000000000000
(1768226197.650553) slcan0 263#0221080000000000
(1768226197.654893) slcan0 663#102A61087FF1FFFF
(1768226197.654957) slcan0 263#3000000000000000
(1768226197.658868) slcan0 663#210026B67BCD817E
(1768226197.661348) slcan0 663#2285000000C848FF
(1768226197.665393) slcan0 663#2313FF1004FF00FF
(1768226197.669577) slcan0 663#243333FFFF004EFF
(1768226197.674429) slcan0 663#25FFFFFF00004B42
(1768226197.677247) slcan0 663#263C000000000000
(1768226197.734499) slcan0 263#0221080000000000
(1768226197.737496) slcan0 663#102A61087FF1FFFF
(1768226197.737770) slcan0 263#3000000000000000
(1768226197.741498) slcan0 663#210026B67BCD817E
(1768226197.746345) slcan0 663#2285000000C848FF
(1768226197.749151) slcan0 663#2313FF1004FF00FF
(1768226197.755060) slcan0 663#243333FFFF004EFF
(1768226197.757544) slcan0 663#25FFFFFF00004B42
(1768226197.761441) slcan0 663#263C000000000000
(1768226197.815523) slcan0 263#0221080000000000
(1768226197.817460) slcan0 663#102A61087FF1FFFF
(1768226197.817627) slcan0 263#3000000000000000
(1768226197.821470) slcan0 663#210026B67ACD817E
(1768226197.825374) slcan0 663#2284000000C848FF
(1768226197.829356) slcan0 663#2313FF1004FF00FF
(1768226197.834494) slcan0 663#243333FFFF004EFF
(1768226197.837483) slcan0 663#25FFFFFF00004B42
(1768226197.841295) slcan0 663#263C000000000000
(1768226197.893566) slcan0 263#0221080000000000
(1768226197.897474) slcan0 663#102A61087FF1FFFF
(1768226197.897701) slcan0 263#3000000000000000
(1768226197.901506) slcan0 663#210026B67BCD817E
(1768226197.905446) slcan0 663#2284000000C848FF
(1768226197.909260) slcan0 663#2313FF1004FF00FF
(1768226197.916662) slcan0 663#243333FFFF004EFF
(1768226197.917460) slcan0 663#25FFFFFF00004B42
(1768226197.921232) slcan0 663#263C000000000000
(1768226198.065590) slcan0 263#0221080000000000
(1768226198.069491) slcan0 663#102A61087FF1FFFF
(1768226198.069728) slcan0 263#3000000000000000
(1768226198.074619) slcan0 663#210026B67ACD817E
(1768226198.077355) slcan0 663#2284000000C848FF
(1768226198.081280) slcan0 663#2313FF1004FF00FF
(1768226198.085377) slcan0 663#243333FFFF004EFF
(1768226198.089282) slcan0 663#25FFFFFF00004B42
(1768226198.094584) slcan0 663#263C000000000000
(1768226198.161540) slcan0 263#0221080000000000
(1768226198.165640) slcan0 663#102A61087FF1FFFF
(1768226198.165905) slcan0 263#3000000000000000
(1768226198.169411) slcan0 663#210026B67ACD817E
(1768226198.174687) slcan0 663#2284000000C848FF
(1768226198.177354) slcan0 663#2313FF1004FF00FF
(1768226198.181334) slcan0 663#243333FFFF004EFF
(1768226198.185318) slcan0 663#25FFFFFF00004B42
(1768226198.189481) slcan0 663#263C000000000000
(1768226198.236406) slcan0 263#0221080000000000
(1768226198.241154) slcan0 663#102A61087FF1FFFF
(1768226198.241431) slcan0 263#3000000000000000
(1768226198.246443) slcan0 663#210026B67ACD817E
(1768226198.250063) slcan0 663#2284000000C847FF
(1768226198.254555) slcan0 663#2313FF1004FF00FF
(1768226198.258786) slcan0 663#243333FFFF004EFF
(1768226198.261275) slcan0 663#25FFFFFF00004B42
(1768226198.265289) slcan0 663#263C000000000000
(1768226198.410500) slcan0 263#0221080000000000
(1768226198.416678) slcan0 663#102A61087FF1FFFF
(1768226198.416879) slcan0 263#3000000000000000
(1768226198.421294) slcan0 663#210026B67ACD817E
(1768226198.425315) slcan0 663#2285000000C848FF
(1768226198.429373) slcan0 663#2313FF1004FF00FF
(1768226198.434631) slcan0 663#243333FFFF004EFF
(1768226198.438866) slcan0 663#25FFFFFF00004B42
(1768226198.441284) slcan0 663#263C000000000000
(1768226198.505578) slcan0 263#0221080000000000
(1768226198.509232) slcan0 663#102A61087FF1FFFF
(1768226198.509542) slcan0 263#3000000000000000
(1768226198.516286) slcan0 663#210026B67ACD817E
(1768226198.517360) slcan0 663#2284000000C848FF
(1768226198.521286) slcan0 663#2313FF1004FF00FF
(1768226198.525229) slcan0 663#243333FFFF004EFF
(1768226198.529298) slcan0 663#25FFFFFF00004B42
(1768226198.534616) slcan0 663#263C000000000000
(1768226198.589643) slcan0 263#0221080000000000
(1768226198.594743) slcan0 663#102A61087FF1FFFF
(1768226198.595020) slcan0 263#3000000000000000
(1768226198.597403) slcan0 663#210026B67ACD817E
(1768226198.601292) slcan0 663#2284000000C847FF
(1768226198.605297) slcan0 663#2313FF1004FF00FF
(1768226198.609146) slcan0 663#243333FFFF004EFF
(1768226198.616502) slcan0 663#25FFFFFF00004B42
(1768226198.617838) slcan0 663#263C000000000000
(1768226198.667411) slcan0 263#0221080000000000
(1768226198.669103) slcan0 663#102A61087FF1FFFF
(1768226198.669341) slcan0 263#3000000000000000
(1768226198.674251) slcan0 663#210026B67ACD817E
(1768226198.677558) slcan0 663#2284000000C847FF
(1768226198.681008) slcan0 663#2313FF1004FF00FF
(1768226198.685151) slcan0 663#243333FFFF004EFF
(1768226198.689061) slcan0 663#25FFFFFF00004B42
(1768226198.694434) slcan0 663#263C000000000000
(1768226198.761641) slcan0 263#0221080000000000
(1768226198.765544) slcan0 663#102A61087FF1FFFF
(1768226198.765707) slcan0 263#3000000000000000
(1768226198.769023) slcan0 663#210026B67ACD817E
(1768226198.774998) slcan0 663#2284000000C847FF
(1768226198.777336) slcan0 663#2313FF1004FF00FF
(1768226198.781125) slcan0 663#243333FFFF004EFF
(1768226198.785075) slcan0 663#25FFFFFF00004B42
(1768226198.789128) slcan0 663#263C000000000000
(1768226198.840627) slcan0 263#0221080000000000
(1768226198.846153) slcan0 663#102A61087FF1FFFF
(1768226198.846382) slcan0 263#3000000000000000
(1768226198.849267) slcan0 663#210026B67ACD817E
(1768226198.855630) slcan0 663#2284000000C847FF
(1768226198.858929) slcan0 663#2313FF1004FF00FF
(1768226198.861318) slcan0 663#243333FFFF004EFF
(1768226198.865370) slcan0 663#25FFFFFF00004B42
(1768226198.869191) slcan0 663#263C000000000000
(1768226198.907698) slcan0 263#041800FF00000000
(1768226198.909386) slcan0 663#0258000000000000
(1768226199.010661) slcan0 263#0221080000000000
(1768226199.017841) slcan0 663#102A61087FF1FFFF
(1768226199.017984) slcan0 263#3000000000000000
(1768226199.021236) slcan0 663#210026B67ACD817E
(1768226199.025260) slcan0 663#2284000000C847FF
(1768226199.029068) slcan0 663#2313FF1004FF00FF
(1768226199.035191) slcan0 663#243333FFFF004EFF
(1768226199.038915) slcan0 663#25FFFFFF00004B42
(1768226199.041257) slcan0 663#263C000000000000
(1768226199.089800) slcan0 263#0221080000000000
(1768226199.095262) slcan0 663#102A61087FF1FFFF
(1768226199.095513) slcan0 263#3000000000000000
(1768226199.097549) slcan0 663#210026B67BCD817E
(1768226199.101217) slcan0 663#2284000000C847FF
(1768226199.105287) slcan0 663#2313FF1004FF00FF
(1768226199.109034) slcan0 663#243333FFFF004EFF
(1768226199.117651) slcan0 663#25FFFFFF00004B42
(1768226199.121229) slcan0 663#263C000000000000
(1768226199.181748) slcan0 263#0221080000000000
(1768226199.185099) slcan0 663#102A61087FF1FFFF
(1768226199.185426) slcan0 263#3000000000000000
(1768226199.189128) slcan0 663#210026B67ACD817E
(1768226199.195069) slcan0 663#2284000000C847FF
(1768226199.197494) slcan0 663#2313FF1004FF00FF
(1768226199.200957) slcan0 663#243333FFFF004EFF
(1768226199.205130) slcan0 663#25FFFFFF00004B42
(1768226199.208965) slcan0 663#263C000000000000
(1768226199.291850) slcan0 263#0221080000000000
(1768226199.297484) slcan0 663#102A61087FF1FFFF
(1768226199.297631) slcan0 263#3000000000000000
(1768226199.301055) slcan0 663#210026B67ACD817E
(1768226199.305265) slcan0 663#2285000000C847FF
(1768226199.309087) slcan0 663#2313FF1004FF00FF
(1768226199.318946) slcan0 663#243333FFFF004EFF
(1768226199.320939) slcan0 663#25FFFFFF00004B42
(1768226199.325093) slcan0 663#263C000000000000
(1768226199.361817) slcan0 263#0221080000000000
(1768226199.365661) slcan0 663#102A61087FF1FFFF
(1768226199.365852) slcan0 263#3000000000000000
(1768226199.369125) slcan0 663#210026B67ACD817E
(1768226199.374543) slcan0 663#2285000000C847FF
(1768226199.377456) slcan0 663#2313FF1004FF00FF
(1768226199.381004) slcan0 663#243333FFFF004EFF
(1768226199.385191) slcan0 663#25FFFFFF00004B42
(1768226199.389080) slcan0 663#263C000000000000
(1768226199.447811) slcan0 263#0221080000000000
(1768226199.455425) slcan0 663#102A61087FF1FFFF
(1768226199.455600) slcan0 263#3000000000000000
(1768226199.458875) slcan0 663#210026B67BCD817E
(1768226199.461284) slcan0 663#2284000000C847FF
(1768226199.465347) slcan0 663#2313FF1004FF00FF
(1768226199.468943) slcan0 663#243333FFFF004EFF
(1768226199.474444) slcan0 663#25FFFFFF00004B42
(1768226199.477441) slcan0 663#263C000000000000
(1768226199.611067) slcan0 263#0221080000000000
(1768226199.618980) slcan0 663#102A61087FF1FFFF
(1768226199.619162) slcan0 263#3000000000000000
(1768226199.621030) slcan0 663#210026B67ACD817E
(1768226199.624942) slcan0 663#2284000000C847FF
(1768226199.628941) slcan0 663#2313FF1004FF00FF
(1768226199.634490) slcan0 663#243333FFFF004EFF
(1768226199.637620) slcan0 663#25FFFFFF00004B42
(1768226199.641147) slcan0 663#263C000000000000
(1768226199.710757) slcan0 263#0221080000000000
(1768226199.718904) slcan0 663#102A61087FF1FFFF
(1768226199.719046) slcan0 263#3000000000000000
(1768226199.720938) slcan0 663#210026B67BCD817E
(1768226199.725100) slcan0 663#2285000000C847FF
(1768226199.728983) slcan0 663#2313FF1004FF00FF
(1768226199.734652) slcan0 663#243333FFFF004EFF
(1768226199.737617) slcan0 663#25FFFFFF00004B42
(1768226199.740938) slcan0 663#263C000000000000
(1768226199.801806) slcan0 263#0221080000000000
(1768226199.805511) slcan0 663#102A61087FF1FFFF
(1768226199.805697) slcan0 263#3000000000000000
(1768226199.809024) slcan0 663#210026B67ACD817E
(1768226199.816144) slcan0 663#2284000000C847FF
(1768226199.819545) slcan0 663#2313FF1004FF00FF
(1768226199.820895) slcan0 663#243333FFFF004EFF
(1768226199.825077) slcan0 663#25FFFFFF00004B42
(1768226199.828854) slcan0 663#263C000000000000
(1768226199.878796) slcan0 263#0221080000000000
(1768226199.880744) slcan0 663#102A61087FF1FFFF
(1768226199.880997) slcan0 263#3000000000000000
(1768226199.884992) slcan0 663#210026B67BCD817E
(1768226199.888844) slcan0 663#2285000000C847FF
(1768226199.894461) slcan0 663#2313FF1004FF00FF
(1768226199.896835) slcan0 663#243333FFFF004EFF
(1768226199.900784) slcan0 663#25FFFFFF00004B42
(1768226199.905089) slcan0 663#263C000000000000
(1768226199.958866) slcan0 263#0221080000000000
(1768226199.961174) slcan0 663#102A61087FF1FFFF
(1768226199.961455) slcan0 263#3000000000000000
(1768226199.965525) slcan0 663#210026B67BCD817E
(1768226199.968813) slcan0 663#2284000000C847FF
(1768226199.974734) slcan0 663#2313FF1004FF00FF
(1768226199.976913) slcan0 663#243333FFFF004EFF
(1768226199.980845) slcan0 663#25FFFFFF00004B42
(1768226199.984978) slcan0 663#263C000000000000
(1768226200.158059) slcan0 263#0221080000000000
(1768226200.161139) slcan0 663#102A61087FF1FFFF
(1768226200.161158) slcan0 263#3000000000000000
(1768226200.165741) slcan0 663#210026B67ACD817E
(1768226200.168846) slcan0 663#2284000000C847FF
(1768226200.174516) slcan0 663#2313FF1004FF00FF
(1768226200.176817) slcan0 663#243333FFFF004EFF
(1768226200.180768) slcan0 663#25FFFFFF00004B42
(1768226200.184951) slcan0 663#263C000000000000
(1768226200.203971) slcan0 263#0221080000000000
(1768226200.208835) slcan0 663#102A61087FF1FFFF
(1768226200.209054) slcan0 263#3000000000000000
(1768226200.216429) slcan0 663#210026B67BCD817E
(1768226200.216762) slcan0 663#2285000000C847FF
(1768226200.220665) slcan0 663#2313FF1004FF00FF
(1768226200.224942) slcan0 663#243333FFFF004EFF
(1768226200.228615) slcan0 663#25FFFFFF00004B42
(1768226200.234414) slcan0 663#263C000000000000
(1768226200.265893) slcan0 263#0221080000000000
(1768226200.268808) slcan0 663#102A61087FF1FFFF
(1768226200.269041) slcan0 263#3000000000000000
(1768226200.275128) slcan0 663#210026B67BCD817E
(1768226200.276803) slcan0 663#2284000000C847FF
(1768226200.280853) slcan0 663#2313FF1004FF00FF
(1768226200.285065) slcan0 663#243333FFFF004EFF
(1768226200.288938) slcan0 663#25FFFFFF00004B42
(1768226200.294714) slcan0 663#263C000000000000
(1768226200.351024) slcan0 263#041800FF00000000
(1768226200.359876) slcan0 663#0258000000000000
(1768226200.434155) slcan0 263#0221080000000000
(1768226200.437271) slcan0 663#102A61087FF1FFFF
(1768226200.437659) slcan0 263#3000000000000000
(1768226200.440743) slcan0 663#210026B67BCD817E
(1768226200.446129) slcan0 663#2284000000C847FF
(1768226200.448734) slcan0 663#2313FF1004FF00FF
(1768226200.455270) slcan0 663#243333FFFF004EFF
(1768226200.456895) slcan0 663#25FFFFFF00004B42
(1768226200.461342) slcan0 663#263C000000000000
(1768226200.524050) slcan0 263#0221080000000000
(1768226200.528659) slcan0 663#102A61087FF1FFFF
(1768226200.528891) slcan0 263#3000000000000000
(1768226200.534740) slcan0 663#210026B67ACD817E
(1768226200.537603) slcan0 663#2285000000C847FF
(1768226200.540727) slcan0 663#2313FF1004FF00FF
(1768226200.546186) slcan0 663#243333FFFF004EFF
(1768226200.548651) slcan0 663#25FFFFFF00004B42
(1768226200.554812) slcan0 663#263C000000000000
(1768226200.600975) slcan0 263#0221080000000000
(1768226200.605419) slcan0 663#102A61087FF1FFFF
(1768226200.605667) slcan0 263#3000000000000000
(1768226200.608752) slcan0 663#210026B67BCD817E
(1768226200.616426) slcan0 663#2285000000C847FF
(1768226200.617458) slcan0 663#2313FF1004FF00FF
(1768226200.621409) slcan0 663#243333FFFF004EFF
(1768226200.625570) slcan0 663#25FFFFFF00004B42
(1768226200.628767) slcan0 663#263C000000000000
(1768226200.770089) slcan0 263#0221080000000000
(1768226200.774498) slcan0 663#102A61087FF1FFFF
(1768226200.774738) slcan0 263#3000000000000000
(1768226200.777557) slcan0 663#210026B67BCD817E
(1768226200.781334) slcan0 663#2285000000C847FF
(1768226200.785039) slcan0 663#2313FF1004FF00FF
(1768226200.788927) slcan0 663#243333FFFF004EFF
(1768226200.794637) slcan0 663#25FFFFFF00004B42
(1768226200.796824) slcan0 663#263C000000000000
(1768226200.858142) slcan0 263#0221080000000000
(1768226200.861475) slcan0 663#102A61087FF1FFFF
(1768226200.861732) slcan0 263#3000000000000000
(1768226200.868883) slcan0 663#210026B67ACD817E
(1768226200.875056) slcan0 663#2284000000C847FF
(1768226200.876919) slcan0 663#2313FF1004FF00FF
(1768226200.880849) slcan0 663#243333FFFF004EFF
(1768226200.884920) slcan0 663#25FFFFFF00004B42
(1768226200.889041) slcan0 663#263C000000000000
(1768226200.945259) slcan0 263#0221080000000000
(1768226200.948828) slcan0 663#102A61087FF1FFFF
(1768226200.949049) slcan0 263#3000000000000000
(1768226200.954982) slcan0 663#210026B67ACD817E
(1768226200.956959) slcan0 663#2284000000C847FF
(1768226200.961068) slcan0 663#2313FF1004FF00FF
(1768226200.966038) slcan0 663#243333FFFF004EFF
(1768226200.968855) slcan0 663#25FFFFFF00004B42
(1768226200.974593) slcan0 663#263C000000000000
(1768226201.028236) slcan0 263#0221080000000000
(1768226201.034544) slcan0 663#102A61087FF1FFFF
(1768226201.034792) slcan0 263#3000000000000000
(1768226201.037278) slcan0 663#210026B67ACD817E
(1768226201.040844) slcan0 663#2284000000C847FF
(1768226201.046427) slcan0 663#2313FF1004FF00FF
(1768226201.048908) slcan0 663#243333FFFF004EFF
(1768226201.055121) slcan0 663#25FFFFFF00004B42
(1768226201.056873) slcan0 663#263C000000000000
(1768226201.129255) slcan0 263#0221080000000000
(1768226201.134597) slcan0 663#102A61087FF1FFFF
(1768226201.134806) slcan0 263#3000000000000000
(1768226201.136824) slcan0 663#210026B67BCD817E
(1768226201.140675) slcan0 663#2285000000C847FF
(1768226201.147211) slcan0 663#2313FF1004FF00FF
(1768226201.148753) slcan0 663#243333FFFF004EFF
(1768226201.155066) slcan0 663#25FFFFFF00004B42
(1768226201.156786) slcan0 663#263C000000000000
(1768226201.215184) slcan0 263#0221080000000000
(1768226201.216802) slcan0 663#102A61087FF1FFFF
(1768226201.216951) slcan0 263#3000000000000000
(1768226201.220574) slcan0 663#210026B67BCD817E
(1768226201.225889) slcan0 663#2285000000C846FF
(1768226201.228564) slcan0 663#2313FF1004FF00FF
(1768226201.234846) slcan0 663#243333FFFF004EFF
(1768226201.236653) slcan0 663#25FFFFFF00004B42
(1768226201.240552) slcan0 663#263C000000000000
(1768226201.293381) slcan0 263#0221080000000000
(1768226201.296888) slcan0 663#102A61087FF1FFFF
(1768226201.297044) slcan0 263#3000000000000000
(1768226201.300749) slcan0 663#210026B67BCD817E
(1768226201.305811) slcan0 663#2284000000C846FF
(1768226201.308769) slcan0 663#2313FF1004FF00FF
(1768226201.316500) slcan0 663#243333FFFF004EFF
(1768226201.316737) slcan0 663#25FFFFFF00004B42
(1768226201.320737) slcan0 663#263C000000000000
(1768226201.384395) slcan0 263#0221080000000000
(1768226201.388751) slcan0 663#102A61087FF1FFFF
(1768226201.388957) slcan0 263#3000000000000000
(1768226201.394668) slcan0 663#210026B67BCD817E
(1768226201.396829) slcan0 663#2284000000C846FF
(1768226201.400711) slcan0 663#2313FF1004FF00FF
(1768226201.405660) slcan0 663#243333FFFF004EFF
(1768226201.408789) slcan0 663#25FFFFFF00004B42
(1768226201.416486) slcan0 663#263C000000000000
(1768226201.464363) slcan0 263#0221080000000000
(1768226201.468798) slcan0 663#102A61087FF1FFFF
(1768226201.469015) slcan0 263#3000000000000000
(1768226201.474761) slcan0 663#210026B67BCD817E
(1768226201.476706) slcan0 663#2285000000C847FF
(1768226201.480644) slcan0 663#2313FF1004FF00FF
(1768226201.485123) slcan0 663#243333FFFF004EFF
(1768226201.488663) slcan0 663#25FFFFFF00004B42
(1768226201.494718) slcan0 663#263C000000000000
(1768226201.555430) slcan0 263#0221080000000000
(1768226201.557017) slcan0 663#102A61087FF1FFFF
(1768226201.557034) slcan0 263#3000000000000000
(1768226201.561115) slcan0 663#210026B67BCD817E
(1768226201.566190) slcan0 663#2285000000C847FF
(1768226201.568673) slcan0 663#2313FF1004FF00FF
(1768226201.574648) slcan0 663#243333FFFF004EFF
(1768226201.576776) slcan0 663#25FFFFFF00004B42
(1768226201.580724) slcan0 663#263C000000000000
(1768226201.646454) slcan0 263#0221080000000000
(1768226201.648639) slcan0 663#102A61087FF1FFFF
(1768226201.648881) slcan0 263#3000000000000000
(1768226201.655189) slcan0 663#210026B67ACD817E
(1768226201.656670) slcan0 663#2284000000C847FF
(1768226201.661045) slcan0 663#2313FF1004FF00FF
(1768226201.665698) slcan0 663#243333FFFF004EFF
(1768226201.668681) slcan0 663#25FFFFFF00004B42
(1768226201.674617) slcan0 663#263C000000000000
(1768226201.723558) slcan0 263#041800FF00000000
(1768226201.728832) slcan0 663#0258000000000000
(1768226201.978448) slcan0 263#0221080000000000
(1768226201.980607) slcan0 663#102A61087FF1FFFF
(1768226201.980867) slcan0 263#3000000000000000
(1768226201.988558) slcan0 663#210026B67BCD817E
(1768226201.994722) slcan0 663#2285000000C847FF
(1768226201.996637) slcan0 663#2313FF1004FF00FF
(1768226202.000540) slcan0 663#243333FFFF004EFF
(1768226202.005214) slcan0 663#25FFFFFF00004B42
(1768226202.008597) slcan0 663#263C000000000000
(1768226202.038502) slcan0 263#0221080000000000
(1768226202.040652) slcan0 663#102A61087FF1FFFF
(1768226202.040871) slcan0 263#3000000000000000
(1768226202.048588) slcan0 663#210026B67BCD817E
(1768226202.054846) slcan0 663#2284000000C847FF
(1768226202.056584) slcan0 663#2313FF1004FF00FF
(1768226202.061355) slcan0 663#243333FFFF004EFF
(1768226202.065525) slcan0 663#25FFFFFF00004B42
(1768226202.068564) slcan0 663#263C000000000000
(1768226202.123559) slcan0 263#0221080000000000
(1768226202.129112) slcan0 663#102A61087FF1FFFF
(1768226202.129291) slcan0 263#3000000000000000
(1768226202.134874) slcan0 663#210026B67ACD817E
(1768226202.136597) slcan0 663#2285000000C847FF
(1768226202.140470) slcan0 663#2313FF1004FF00FF
(1768226202.146385) slcan0 663#243333FFFF004EFF
(1768226202.149232) slcan0 663#25FFFFFF00004B42
(1768226202.154822) slcan0 663#263C000000000000
(1768226202.219402) slcan0 263#0221080000000000
(1768226202.220675) slcan0 663#102A61087FF1FFFF
(1768226202.220902) slcan0 263#3000000000000000
(1768226202.231061) slcan0 663#210026B67ACD817E
(1768226202.234303) slcan0 663#2285000000C847FF
(1768226202.236540) slcan0 663#2313FF1004FF00FF
(1768226202.240565) slcan0 663#243333FFFF004EFF
(1768226202.246245) slcan0 663#25FFFFFF00004B42
(1768226202.249030) slcan0 663#263C000000000000
(1768226202.292695) slcan0 263#0221080000000000
(1768226202.296602) slcan0 663#102A61087FF1FFFF
(1768226202.296835) slcan0 263#3000000000000000
(1768226202.300521) slcan0 663#210026B67ACD817E
(1768226202.305374) slcan0 663#2285000000C847FF
(1768226202.308837) slcan0 663#2313FF1004FF00FF
(1768226202.316743) slcan0 663#243333FFFF004EFF
(1768226202.320425) slcan0 663#25FFFFFF00004B42
(1768226202.325249) slcan0 663#263C000000000000
(1768226202.374579) slcan0 263#0221080000000000
(1768226202.376394) slcan0 663#102A61087FF1FFFF
(1768226202.376693) slcan0 263#3000000000000000
(1768226202.380391) slcan0 663#210026B67ACD817E
(1768226202.384839) slcan0 663#2284000000C847FF
(1768226202.388553) slcan0 663#2313FF1004FF00FF
(1768226202.394384) slcan0 663#243333FFFF004EFF
(1768226202.396482) slcan0 663#25FFFFFF00004B42
(1768226202.400506) slcan0 663#263C000000000000
(1768226202.464760) slcan0 263#0221080000000000
(1768226202.469536) slcan0 663#102A61087FF1FFFF
(1768226202.469793) slcan0 263#3000000000000000
(1768226202.474519) slcan0 663#210026B67ACD817E
(1768226202.476524) slcan0 663#2284000000C847FF
(1768226202.480542) slcan0 663#2313FF1004FF00FF
(1768226202.484613) slcan0 663#243333FFFF004EFF
(1768226202.488678) slcan0 663#25FFFFFF00004B42
(1768226202.494638) slcan0 663#263C000000000000
(1768226202.554762) slcan0 263#0221080000000000
(1768226202.556816) slcan0 663#102A61087FF1FFFF
(1768226202.556961) slcan0 263#3000000000000000
(1768226202.561121) slcan0 663#210026B67ACD817E
(1768226202.565554) slcan0 663#2284000000C847FF
(1768226202.568601) slcan0 663#2313FF1004FF00FF
(1768226202.574505) slcan0 663#243333FFFF004EFF
(1768226202.576644) slcan0 663#25FFFFFF00004B42
(1768226202.580564) slcan0 663#263C000000000000
(1768226202.641817) slcan0 263#0221080000000000
(1768226202.648521) slcan0 663#102A61087FF1FFFF
(1768226202.648704) slcan0 263#3000000000000000
(1768226202.654521) slcan0 663#210026B67BCD817E
(1768226202.656484) slcan0 663#2284000000C847FF
(1768226202.661084) slcan0 663#2313FF1004FF00FF
(1768226202.665390) slcan0 663#243333FFFF004EFF
(1768226202.668380) slcan0 663#25FFFFFF00004B42
(1768226202.674542) slcan0 663#263C000000000000
(1768226202.728894) slcan0 263#0221080000000000
(1768226202.735104) slcan0 663#102A61087FF1FFFF
(1768226202.735146) slcan0 263#3000000000000000
(1768226202.736763) slcan0 663#210026B67BCD817E
(1768226202.740565) slcan0 663#2284000000C847FF
(1768226202.746454) slcan0 663#2313FF1004FF00FF
(1768226202.748707) slcan0 663#243333FFFF004EFF
(1768226202.754840) slcan0 663#25FFFFFF00004B42
(1768226202.756718) slcan0 663#263C000000000000
(1768226202.811993) slcan0 263#0221080000000000
(1768226202.816705) slcan0 663#102A61087FF1FFFF
(1768226202.816923) slcan0 263#3000000000000000
(1768226202.820325) slcan0 663#210026B67BCD817E
(1768226202.825210) slcan0 663#2284000000C847FF
(1768226202.828594) slcan0 663#2313FF1004FF00FF
(1768226202.835068) slcan0 663#243333FFFF004EFF
(1768226202.836569) slcan0 663#25FFFFFF00004B42
(1768226202.840413) slcan0 663#263C000000000000
(1768226202.898929) slcan0 263#0221080000000000
(1768226202.900514) slcan0 663#102A61087FF1FFFF
(1768226202.900654) slcan0 263#3000000000000000
(1768226202.905235) slcan0 663#210026B67BCD817E
(1768226202.908545) slcan0 663#2284000000C847FF
(1768226202.916653) slcan0 663#2313FF1004FF00FF
(1768226202.920461) slcan0 663#243333FFFF004EFF
(1768226202.925271) slcan0 663#25FFFFFF00004B42
(1768226202.928648) slcan0 663#263C000000000000
(1768226203.009011) slcan0 263#0221080000000000
(1768226203.016434) slcan0 663#102A61087FF1FFFF
(1768226203.016685) slcan0 263#3000000000000000
(1768226203.020345) slcan0 663#210026B67BCD817E
(1768226203.025098) slcan0 663#2284000000C847FF
(1768226203.028643) slcan0 663#2313FF1004FF00FF
(1768226203.035271) slcan0 663#243333FFFF004EFF
(1768226203.036707) slcan0 663#25FFFFFF00004B42
(1768226203.040614) slcan0 663#263C000000000000
(1768226203.074025) slcan0 263#0221080000000000
(1768226203.076522) slcan0 663#102A61087FF1FFFF
(1768226203.076794) slcan0 263#3000000000000000
(1768226203.080546) slcan0 663#210026B67ACD817E
(1768226203.084730) slcan0 663#2284000000C847FF
(1768226203.088537) slcan0 663#2313FF1004FF00FF
(1768226203.094705) slcan0 663#243333FFFF004EFF
(1768226203.096700) slcan0 663#25FFFFFF00004B42
(1768226203.100427) slcan0 663#263C000000000000
(1768226203.142057) slcan0 263#041800FF00000000
(1768226203.148809) slcan0 663#0258000000000000
(1768226203.222920) slcan0 263#0221080000000000
(1768226203.228421) slcan0 663#102A61087FF1FFFF
(1768226203.228795) slcan0 263#3000000000000000
(1768226203.235256) slcan0 663#210026B67ACD817E
(1768226203.236392) slcan0 663#2284000000C847FF
(1768226203.240173) slcan0 663#2313FF1004FF00FF
(1768226203.245908) slcan0 663#243333FFFF004EFF
(1768226203.248968) slcan0 663#25FFFFFF00004B42
(1768226203.255500) slcan0 663#263C000000000000
(1768226203.298091) slcan0 263#0221080000000000
(1768226203.300469) slcan0 663#102A61087FF1FFFF
(1768226203.300732) slcan0 263#3000000000000000
(1768226203.305089) slcan0 663#210026B67ACD817E
(1768226203.308698) slcan0 663#2284000000C847FF
(1768226203.318883) slcan0 663#2313FF1004FF00FF
(1768226203.320365) slcan0 663#243333FFFF004EFF
(1768226203.325008) slcan0 663#25FFFFFF00004B42
(1768226203.328496) slcan0 663#263C000000000000
(1768226203.390967) slcan0 263#0221080000000000
(1768226203.396574) slcan0 663#102A61087FF1FFFF
(1768226203.396839) slcan0 263#3000000000000000
(1768226203.400336) slcan0 663#210026B67ACD817E
(1768226203.405115) slcan0 663#2284000000C847FF
(1768226203.408483) slcan0 663#2313FF1004FF00FF
(1768226203.416393) slcan0 663#243333FFFF004EFF
(1768226203.420331) slcan0 663#25FFFFFF00004B42
(1768226203.425054) slcan0 663#263C000000000000
(1768226203.468117) slcan0 263#0221080000000000
(1768226203.474247) slcan0 663#102A61087FF1FFFF
(1768226203.474505) slcan0 263#3000000000000000
(1768226203.476539) slcan0 663#210026B67ACD817E
(1768226203.480329) slcan0 663#2284000000C847FF
(1768226203.484703) slcan0 663#2313FF1004FF00FF
(1768226203.488766) slcan0 663#243333FFFF004EFF
(1768226203.494884) slcan0 663#25FFFFFF00004B42
(1768226203.496537) slcan0 663#263C000000000000
(1768226203.549107) slcan0 263#0221080000000000
(1768226203.555289) slcan0 663#102A61087FF1FFFF
(1768226203.555423) slcan0 263#3000000000000000
(1768226203.561535) slcan0 663#210026B67BCD817E
(1768226203.565290) slcan0 663#2284000000C847FF
(1768226203.568486) slcan0 663#2313FF1004FF00FF
(1768226203.574940) slcan0 663#243333FFFF004EFF
(1768226203.576480) slcan0 663#25FFFFFF00004B42
(1768226203.580496) slcan0 663#263C000000000000
(1768226203.650190) slcan0 263#0221080000000000
(1768226203.654196) slcan0 663#102A61087FF1FFFF
(1768226203.654412) slcan0 263#3000000000000000
(1768226203.656341) slcan0 663#210026B67BCD817E
(1768226203.660853) slcan0 663#2284000000C847FF
(1768226203.664899) slcan0 663#2313FF1004FF00FF
(1768226203.668604) slcan0 663#243333FFFF004EFF
(1768226203.675151) slcan0 663#25FFFFFF00004B42
(1768226203.676336) slcan0 663#263C000000000000
(1768226203.727102) slcan0 263#0221080000000000
(1768226203.734116) slcan0 663#102A61087FF1FFFF
(1768226203.734308) slcan0 263#3000000000000000
(1768226203.736500) slcan0 663#210026B67BCD817E
(1768226203.740292) slcan0 663#2285000000C847FF
(1768226203.746005) slcan0 663#2313FF1004FF00FF
(1768226203.748746) slcan0 663#243333FFFF004EFF
(1768226203.755123) slcan0 663#25FFFFFF00004B42
(1768226203.756413) slcan0 663#263C000000000000
(1768226203.824265) slcan0 263#0221080000000000
(1768226203.828364) slcan0 663#102A61087FF1FFFF
(1768226203.828700) slcan0 263#3000000000000000
(1768226203.834114) slcan0 663#210026B67BCD817E
(1768226203.838445) slcan0 663#2285000000C847FF
(1768226203.840274) slcan0 663#2313FF1004FF00FF
(1768226203.846044) slcan0 663#243333FFFF004EFF
(1768226203.849015) slcan0 663#25FFFFFF00004B42
(1768226203.854173) slcan0 663#263C000000000000
(1768226203.918440) slcan0 263#0221080000000000
(1768226203.920471) slcan0 663#102A61087FF1FFFF
(1768226203.920626) slcan0 263#3000000000000000
(1768226203.924933) slcan0 663#210026B67ACE817E
(1768226203.928582) slcan0 663#2284000000C847FF
(1768226203.934535) slcan0 663#2313FF1004FF00FF
(1768226203.936575) slcan0 663#243333FFFF0051FF
(1768226203.940336) slcan0 663#25FFFFFF00004B42
(1768226203.946444) slcan0 663#263C000000000000
(1768226203.993354) slcan0 263#0221080000000000
(1768226203.996506) slcan0 663#102A61087FF1FFFF
(1768226203.996696) slcan0 263#3000000000000000
(1768226204.000431) slcan0 663#210026B67BCD817E
(1768226204.005343) slcan0 663#2284000000C847FF
(1768226204.008572) slcan0 663#2313FF1004FF00FF
(1768226204.016140) slcan0 663#243333FFFF004EFF
(1768226204.017114) slcan0 663#25FFFFFF00004B42
(1768226204.020407) slcan0 663#263C000000000000
(1768226204.076389) slcan0 263#0221080000000000
(1768226204.080390) slcan0 663#102A61087FF1FFFF
(1768226204.081095) slcan0 263#3000000000000000
(1768226204.084433) slcan0 663#210026B67ACD817E
(1768226204.088830) slcan0 663#2284000000C847FF
(1768226204.094056) slcan0 663#2313FF1004FF00FF
(1768226204.097070) slcan0 663#243333FFFF004EFF
(1768226204.100368) slcan0 663#25FFFFFF00004B42
(1768226204.104700) slcan0 663#263C000000000000
(1768226204.161408) slcan0 263#0221080000000000
(1768226204.168602) slcan0 663#102A61087FF1FFFF
(1768226204.168756) slcan0 263#3000000000000000
(1768226204.174667) slcan0 663#210026B67ACD817E
(1768226204.176409) slcan0 663#2285000000C847FF
(1768226204.180352) slcan0 663#2313FF1004FF00FF
(1768226204.184352) slcan0 663#243333FFFF004EFF
(1768226204.188534) slcan0 663#25FFFFFF00004B42
(1768226204.194126) slcan0 663#263C000000000000
(1768226204.244496) slcan0 263#0221080000000000
(1768226204.248727) slcan0 663#102A61087FF1FFFF
(1768226204.249035) slcan0 263#3000000000000000
(1768226204.254256) slcan0 663#210026B67BCD817E
(1768226204.256327) slcan0 663#2285000000C847FF
(1768226204.261189) slcan0 663#2313FF1004FF00FF
(1768226204.265105) slcan0 663#243333FFFF004EFF
(1768226204.268828) slcan0 663#25FFFFFF00004B42
(1768226204.274337) slcan0 663#263C000000000000
(1768226204.405604) slcan0 263#0221080000000000
(1768226204.408599) slcan0 663#102A61087FF1FFFF
(1768226204.408770) slcan0 263#3000000000000000
(1768226204.416416) slcan0 663#210026B67BCD817E
(1768226204.420490) slcan0 663#2284000000C847FF
(1768226204.425174) slcan0 663#2313FF1004FF00FF
(1768226204.428517) slcan0 663#243333FFFF004EFF
(1768226204.434172) slcan0 663#25FFFFFF00004B42
(1768226204.436452) slcan0 663#263C000000000000
(1768226204.500688) slcan0 263#041800FF00000000
(1768226204.504839) slcan0 663#0258000000000000
(1768226204.582548) slcan0 263#0221080000000000
(1768226204.588382) slcan0 663#102A61087FF1FFFF
(1768226204.588731) slcan0 263#3000000000000000
(1768226204.594405) slcan0 663#210026B67BCD817E
(1768226204.596256) slcan0 663#2284000000C847FF
(1768226204.600040) slcan0 663#2313FF1004FF00FF
(1768226204.604716) slcan0 663#243333FFFF004EFF
(1768226204.608410) slcan0 663#25FFFFFF00004B42
(1768226204.616063) slcan0 663#263C000000000000
(1768226204.669492) slcan0 263#0221080000000000
(1768226204.673993) slcan0 663#102A61087FF1FFFF
(1768226204.674291) slcan0 263#3000000000000000
(1768226204.676108) slcan0 663#210026B67BCD817E
(1768226204.680051) slcan0 663#2284000000C847FF
(1768226204.684327) slcan0 663#2313FF1004FF00FF
(1768226204.688587) slcan0 663#243333FFFF004EFF
(1768226204.693976) slcan0 663#25FFFFFF00004B42
(1768226204.696334) slcan0 663#263C000000000000
(1768226204.757758) slcan0 263#0221080000000000
(1768226204.761429) slcan0 663#102A61087FF1FFFF
(1768226204.761664) slcan0 263#3000000000000000
(1768226204.768437) slcan0 663#210026B67ACD817E
(1768226204.774419) slcan0 663#2285000000C847FF
(1768226204.776226) slcan0 663#2313FF1004FF00FF
(1768226204.780101) slcan0 663#243333FFFF004EFF
(1768226204.784264) slcan0 663#25FFFFFF00004B42
(1768226204.788563) slcan0 663#263C000000000000
(1768226204.845825) slcan0 263#0221080000000000
(1768226204.848654) slcan0 663#102A61087FF1FFFF
(1768226204.848968) slcan0 263#3000000000000000
(1768226204.854224) slcan0 663#210026B67ACD817E
(1768226204.856141) slcan0 663#2285000000C847FF
(1768226204.864901) slcan0 663#2313FF1004FF00FF
(1768226204.868663) slcan0 663#243333FFFF004EFF
(1768226204.874403) slcan0 663#25FFFFFF00004B42
(1768226204.876264) slcan0 663#263C000000000000
(1768226204.937911) slcan0 263#0221080000000000
(1768226204.946295) slcan0 663#102A61087FF1FFFF
(1768226204.946492) slcan0 263#3000000000000000
(1768226204.948675) slcan0 663#210026B67BCD817E
(1768226204.954465) slcan0 663#2285000000C847FF
(1768226204.956059) slcan0 663#2313FF1004FF00FF
(1768226204.961333) slcan0 663#243333FFFF004EFF
(1768226204.965244) slcan0 663#25FFFFFF00004B42
(1768226204.968445) slcan0 663#263C000000000000
(1768226205.093969) slcan0 263#0221080000000000
(1768226205.096159) slcan0 663#102A61087FF1FFFF
(1768226205.096331) slcan0 263#3000000000000000
(1768226205.100256) slcan0 663#210026B67ACD817E
(1768226205.104825) slcan0 663#2285000000C847FF
(1768226205.108572) slcan0 663#2313FF1004FF00FF
(1768226205.116211) slcan0 663#243333FFFF004EFF
(1768226205.120578) slcan0 663#25FFFFFF00004B42
(1768226205.124880) slcan0 663#263C000000000000
(1768226205.195875) slcan0 263#0221080000000000
(1768226205.200043) slcan0 663#102A61087FF1FFFF
(1768226205.200258) slcan0 263#3000000000000000
(1768226205.205139) slcan0 663#210026B67BCD817E
(1768226205.208363) slcan0 663#2284000000C847FF
(1768226205.215658) slcan0 663#2313FF1004FF00FF
(1768226205.216133) slcan0 663#243333FFFF004EFF
(1768226205.220238) slcan0 663#25FFFFFF00004B42
(1768226205.224901) slcan0 663#263C000000000000
(1768226205.281958) slcan0 263#0221080000000000
(1768226205.288677) slcan0 663#102A61087FF1FFFF
(1768226205.288940) slcan0 263#3000000000000000
(1768226205.294329) slcan0 663#210026B67ACD817E
(1768226205.296060) slcan0 663#2284000000C847FF
(1768226205.300032) slcan0 663#2313FF1004FF00FF
(1768226205.305382) slcan0 663#243333FFFF004EFF
(1768226205.308418) slcan0 663#25FFFFFF00004B42
(1768226205.316640) slcan0 663#263C000000000000
(1768226205.361978) slcan0 263#0221080000000000
(1768226205.368499) slcan0 663#102A61087FF1FFFF
(1768226205.368727) slcan0 263#3000000000000000
(1768226205.374365) slcan0 663#210026B67ACD817E
(1768226205.376095) slcan0 663#2285000000C847FF
(1768226205.379998) slcan0 663#2313FF1004FF00FF
(1768226205.384859) slcan0 663#243333FFFF004EFF
(1768226205.388545) slcan0 663#25FFFFFF00004B42
(1768226205.394171) slcan0 663#263C000000000000
(1768226205.512040) slcan0 263#0221080000000000
(1768226205.516298) slcan0 663#102A61087FF1FFFF
(1768226205.516589) slcan0 263#3000000000000000
(1768226205.520396) slcan0 663#210026B67ACD817E
(1768226205.524833) slcan0 663#2285000000C847FF
(1768226205.528775) slcan0 663#2313FF1004FF00FF
(1768226205.534165) slcan0 663#243333FFFF0053FF
(1768226205.536266) slcan0 663#25FFFFFF00004B42
(1768226205.540091) slcan0 663#263C000000000000
(1768226205.574069) slcan0 263#0221080000000000
(1768226205.576290) slcan0 663#102A61087FF1FFFF
(1768226205.576565) slcan0 263#3000000000000000
(1768226205.580042) slcan0 663#210026B67ACD817E
(1768226205.584409) slcan0 663#2284000000C847FF
(1768226205.588680) slcan0 663#2313FF1004FF00FF
(1768226205.594394) slcan0 663#243333FFFF004EFF
(1768226205.596168) slcan0 663#25FFFFFF00004B42
(1768226205.600085) slcan0 663#263C000000000000
(1768226205.653998) slcan0 263#0221080000000000
(1768226205.656146) slcan0 663#102A61087FF1FFFF
(1768226205.656399) slcan0 263#3000000000000000
(1768226205.661039) slcan0 663#210026B67ACD817E
(1768226205.665649) slcan0 663#2284000000C847FF
(1768226205.668335) slcan0 663#2313FF1004FF00FF
(1768226205.674355) slcan0 663#243333FFFF004EFF
(1768226205.676227) slcan0 663#25FFFFFF00004B42
(1768226205.680178) slcan0 663#263C000000000000
(1768226205.745234) slcan0 263#0221080000000000
(1768226205.749189) slcan0 663#102A61087FF1FFFF
(1768226205.749475) slcan0 263#3000000000000000
(1768226205.754353) slcan0 663#210026B67ACD817E
(1768226205.756243) slcan0 663#2285000000C847FF
(1768226205.761174) slcan0 663#2313FF1004FF00FF
(1768226205.765016) slcan0 663#243333FFFF004EFF
(1768226205.768644) slcan0 663#25FFFFFF00004B42
(1768226205.774339) slcan0 663#263C000000000000
(1768226205.838138) slcan0 263#0221080000000000
(1768226205.840032) slcan0 663#102A61087FF1FFFF
(1768226205.840258) slcan0 263#3000000000000000
(1768226205.849059) slcan0 663#210026B67BCD817E
(1768226205.854601) slcan0 663#2284000000C847FF
(1768226205.856006) slcan0 663#2313FF1004FF00FF
(1768226205.861062) slcan0 663#243333FFFF004EFF
(1768226205.865442) slcan0 663#25FFFFFF00004B42
(1768226205.868415) slcan0 663#263C000000000000
(1768226205.917213) slcan0 263#041800FF00000000
(1768226205.920477) slcan0 663#0258000000000000
(1768226206.015235) slcan0 263#0221080000000000
(1768226206.016251) slcan0 663#102A61087FF1FFFF
(1768226206.016421) slcan0 263#3000000000000000
(1768226206.020730) slcan0 663#210026B67ACD817E
(1768226206.024899) slcan0 663#2284000000C847FF
(1768226206.028495) slcan0 663#2313FF1004FF00FF
(1768226206.034297) slcan0 663#243333FFFF004EFF
(1768226206.036193) slcan0 663#25FFFFFF00004B42
(1768226206.040177) slcan0 663#263C000000000000
(1768226206.102163) slcan0 263#0221080000000000
(1768226206.108439) slcan0 663#102A61087FF1FFFF
(1768226206.108644) slcan0 263#3000000000000000
(1768226206.116067) slcan0 663#210026B67ACD817E
(1768226206.120338) slcan0 663#2285000000C847FF
(1768226206.124499) slcan0 663#2313FF1004FF00FF
(1768226206.128735) slcan0 663#243333FFFF004EFF
(1768226206.134290) slcan0 663#25FFFFFF00004B42
(1768226206.136049) slcan0 663#263C000000000000
(1768226206.180223) slcan0 263#0221080000000000
(1768226206.184022) slcan0 663#102A61087FF1FFFF
(1768226206.184379) slcan0 263#3000000000000000
(1768226206.188743) slcan0 663#210026B67ACD817E
(1768226206.194139) slcan0 663#2285000000C846FF
(1768226206.195978) slcan0 663#2313FF1004FF00FF
(1768226206.199935) slcan0 663#243333FFFF004EFF
(1768226206.204515) slcan0 663#25FFFFFF00004B42
(1768226206.208620) slcan0 663#263C000000000000
(1768226206.272269) slcan0 263#0221080000000000
(1768226206.276099) slcan0 663#102A61087FF1FFFF
(1768226206.276273) slcan0 263#3000000000000000
(1768226206.280088) slcan0 663#210026B67ACD817E
(1768226206.284445) slcan0 663#2284000000C846FF
(1768226206.288511) slcan0 663#2313FF1004FF00FF
(1768226206.294244) slcan0 663#243333FFFF0059FF
(1768226206.296080) slcan0 663#25FFFFFF00004B42
(1768226206.300048) slcan0 663#263C000000000000
(1768226206.363398) slcan0 263#0221080000000000
(1768226206.369133) slcan0 663#102A61087FF1FFFF
(1768226206.369364) slcan0 263#3000000000000000
(1768226206.374157) slcan0 663#210026B67ACD817E
(1768226206.376058) slcan0 663#2284000000C846FF
(1768226206.380059) slcan0 663#2313FF1004FF00FF
(1768226206.384137) slcan0 663#243333FFFF004EFF
(1768226206.388870) slcan0 663#25FFFFFF00004B42
(1768226206.394538) slcan0 663#263C000000000000
(1768226206.523398) slcan0 263#0221080000000000
(1768226206.528746) slcan0 663#102A61087FF1FFFF
(1768226206.529027) slcan0 263#3000000000000000
(1768226206.534383) slcan0 663#210026B67ACD817E
(1768226206.536132) slcan0 663#2285000000C847FF
(1768226206.540062) slcan0 663#2313FF1004FF00FF
(1768226206.545695) slcan0 663#243333FFFF004EFF
(1768226206.550335) slcan0 663#25FFFFFF00004B42
(1768226206.554289) slcan0 663#263C000000000000
(1768226206.613506) slcan0 263#0221080000000000
(1768226206.616156) slcan0 663#102A61087FF1FFFF
(1768226206.616321) slcan0 263#3000000000000000
(1768226206.620078) slcan0 663#210026B67ACD817E
(1768226206.624562) slcan0 663#2285000000C846FF
(1768226206.629373) slcan0 663#2313FF1004FF00FF
(1768226206.634466) slcan0 663#243333FFFF004EFF
(1768226206.636030) slcan0 663#25FFFFFF00004B42
(1768226206.640044) slcan0 663#263C000000000000
(1768226206.977690) slcan0 263#0221080000000000
(1768226206.980045) slcan0 663#102A61087FF1FFFF
(1768226206.980067) slcan0 263#3000000000000000
(1768226206.984820) slcan0 663#210026B67ACD817E
(1768226206.988784) slcan0 663#2284000000C846FF
(1768226206.994452) slcan0 663#2313FF1004FF00FF
(1768226206.995998) slcan0 663#243333FFFF004EFF
(1768226206.999829) slcan0 663#25FFFFFF00004B42
(1768226207.004963) slcan0 663#263C000000000000
(1768226207.046693) slcan0 263#0221080000000000
(1768226207.049285) slcan0 663#102A61087FF1FFFF
(1768226207.049532) slcan0 263#3000000000000000
(1768226207.054902) slcan0 663#210026B67BCD817E
(1768226207.055960) slcan0 663#2285000000C846FF
(1768226207.059970) slcan0 663#2313FF1004FF00FF
(1768226207.065593) slcan0 663#243333FFFF004EFF
(1768226207.069053) slcan0 663#25FFFFFF00004B42
(1768226207.074115) slcan0 663#263C000000000000
(1768226207.129845) slcan0 263#0221080000000000
(1768226207.134053) slcan0 663#102A61087FF1FFFF
(1768226207.134324) slcan0 263#3000000000000000
(1768226207.135933) slcan0 663#210026B67BCD817E
(1768226207.139827) slcan0 663#2285000000C846FF
(1768226207.145788) slcan0 663#2313FF1004FF00FF
(1768226207.149437) slcan0 663#243333FFFF004EFF
(1768226207.154967) slcan0 663#25FFFFFF00004B42
(1768226207.155930) slcan0 663#263C000000000000
(1768226207.201834) slcan0 263#0221080000000000
(1768226207.209119) slcan0 663#102A61087FF1FFFF
(1768226207.209377) slcan0 263#3000000000000000
(1768226207.215909) slcan0 663#210026B67BCD817E
(1768226207.219677) slcan0 663#2285000000C846FF
(1768226207.224469) slcan0 663#2313FF1004FF00FF
(1768226207.228525) slcan0 663#243333FFFF004EFF
(1768226207.234452) slcan0 663#25FFFFFF00004B42
(1768226207.235775) slcan0 663#263C000000000000
(1768226207.292055) slcan0 263#0221080000000000
(1768226207.295929) slcan0 663#102A61087FF1FFFF
(1768226207.296121) slcan0 263#3000000000000000
(1768226207.299908) slcan0 663#210026B67ACD817E
(1768226207.305008) slcan0 663#2284000000C846FF
(1768226207.308891) slcan0 663#2313FF1004FF00FF
(1768226207.316499) slcan0 663#243333FFFF004EFF
(1768226207.319993) slcan0 663#25FFFFFF00004B42
(1768226207.324866) slcan0 663#263C000000000000
(1768226207.392086) slcan0 263#0221080000000000
(1768226207.395934) slcan0 663#102A61087FF1FFFF
(1768226207.396093) slcan0 263#3000000000000000
(1768226207.399804) slcan0 663#210026B67BCD817E
(1768226207.405047) slcan0 663#2284000000C846FF
(1768226207.408871) slcan0 663#2313FF1004FF00FF
(1768226207.417070) slcan0 663#243333FFFF004EFF
(1768226207.419870) slcan0 663#25FFFFFF00004B42
(1768226207.425034) slcan0 663#263C000000000000
(1768226207.464158) slcan0 263#0221080000000000
(1768226207.468998) slcan0 663#102A61087FF1FFFF
(1768226207.469204) slcan0 263#3000000000000000
(1768226207.475049) slcan0 663#210026B67ACD817E
(1768226207.475825) slcan0 663#2284000000C846FF
(1768226207.479856) slcan0 663#2313FF1004FF00FF
(1768226207.484513) slcan0 663#243333FFFF004EFF
(1768226207.488783) slcan0 663#25FFFFFF00004B42
(1768226207.494698) slcan0 663#263C000000000000
(1768226207.599508) slcan0 263#041800FF00000000
(1768226207.605082) slcan0 663#0258000000000000
(1768226207.685354) slcan0 263#0221080000000000
(1768226207.689007) slcan0 663#102A61087FF1FFFF
(1768226207.689223) slcan0 263#3000000000000000
(1768226207.694581) slcan0 663#210026B67ACD817E
(1768226207.695721) slcan0 663#2284000000C846FF
(1768226207.699694) slcan0 663#2313FF1004FF00FF
(1768226207.704679) slcan0 663#243333FFFF004EFF
(1768226207.708785) slcan0 663#25FFFFFF00004B42
(1768226207.717237) slcan0 663#263C000000000000
(1768226207.769267) slcan0 263#0221080000000000
(1768226207.775139) slcan0 663#102A61087FF1FFFF
(1768226207.775559) slcan0 263#3000000000000000
(1768226207.779778) slcan0 663#210026B67ACD817E
(1768226207.784371) slcan0 663#2284000000C846FF
(1768226207.788524) slcan0 663#2313FF1004FF00FF
(1768226207.794439) slcan0 663#243333FFFF004EFF
(1768226207.795957) slcan0 663#25FFFFFF00004B42
(1768226207.799789) slcan0 663#263C000000000000
(1768226207.854463) slcan0 263#0221080000000000
(1768226207.855860) slcan0 663#102A61087FF1FFFF
(1768226207.856051) slcan0 263#3000000000000000
(1768226207.859850) slcan0 663#210026B67ACD817E
(1768226207.865275) slcan0 663#2284000000C846FF
(1768226207.869217) slcan0 663#2313FF1004FF00FF
(1768226207.874120) slcan0 663#243333FFFF004EFF
(1768226207.875783) slcan0 663#25FFFFFF00004B42
(1768226207.879726) slcan0 663#263C000000000000
(1768226207.925445) slcan0 263#0221080000000000
(1768226207.928934) slcan0 663#102A61087FF1FFFF
(1768226207.929165) slcan0 263#3000000000000000
(1768226207.934019) slcan0 663#210026B67BCD817E
(1768226207.935900) slcan0 663#2285000000C846FF
(1768226207.939626) slcan0 663#2313FF1004FF00FF
(1768226207.945952) slcan0 663#243333FFFF004EFF
(1768226207.949115) slcan0 663#25FFFFFF00004B42
(1768226207.956005) slcan0 663#263C000000000000
(1768226208.013520) slcan0 263#0221080000000000
(1768226208.017374) slcan0 663#102A61087FF1FFFF
(1768226208.017402) slcan0 263#3000000000000000
(1768226208.019749) slcan0 663#210026B67BCD817E
(1768226208.024877) slcan0 663#2284000000C846FF
(1768226208.028364) slcan0 663#2313FF1004FF00FF
(1768226208.034065) slcan0 663#243333FFFF005EFF
(1768226208.035884) slcan0 663#25FFFFFF00004B42
(1768226208.039805) slcan0 663#263C000000000000
(1768226208.099488) slcan0 263#0221080000000000
(1768226208.104574) slcan0 663#102A61087FF1FFFF
(1768226208.104749) slcan0 263#3000000000000000
(1768226208.109109) slcan0 663#210026B67BCD817E
(1768226208.116433) slcan0 663#2285000000C846FF
(1768226208.119819) slcan0 663#2313FF1004FF00FF
(1768226208.124488) slcan0 663#243333FFFF004EFF
(1768226208.128692) slcan0 663#25FFFFFF00004B42
(1768226208.134360) slcan0 663#263C000000000000
(1768226208.178443) slcan0 263#0221080000000000
(1768226208.179850) slcan0 663#102A61087FF1FFFF
(1768226208.180122) slcan0 263#3000000000000000
(1768226208.184109) slcan0 663#210026B67ACD817E
(1768226208.188411) slcan0 663#2284000000C846FF
(1768226208.194238) slcan0 663#2313FF1004FF00FF
(1768226208.195733) slcan0 663#243333FFFF004EFF
(1768226208.199656) slcan0 663#25FFFFFF00004B42
(1768226208.205001) slcan0 663#263C000000000000
(1768226208.263612) slcan0 263#0221080000000000
(1768226208.268528) slcan0 663#102A61087FF1FFFF
(1768226208.268594) slcan0 263#3000000000000000
(1768226208.274204) slcan0 663#210026B67BCD817E
(1768226208.275747) slcan0 663#2285000000C846FF
(1768226208.279734) slcan0 663#2313FF1004FF00FF
(1768226208.284284) slcan0 663#243333FFFF004EFF
(1768226208.288640) slcan0 663#25FFFFFF00004B42
(1768226208.294147) slcan0 663#263C000000000000
(1768226208.357717) slcan0 263#0221080000000000
(1768226208.364746) slcan0 663#102A61087FF1FFFF
(1768226208.365052) slcan0 263#3000000000000000
(1768226208.368384) slcan0 663#210026B67ACD817E
(1768226208.374531) slcan0 663#2285000000C846FF
(1768226208.375693) slcan0 663#2313FF1004FF00FF
(1768226208.379664) slcan0 663#243333FFFF005EFF
(1768226208.384283) slcan0 663#25FFFFFF00004B42
(1768226208.388402) slcan0 663#263C000000000000
(1768226208.432781) slcan0 263#0221080000000000
(1768226208.435902) slcan0 663#102A61087FF1FFFF
(1768226208.436058) slcan0 263#3000000000000000
(1768226208.439614) slcan0 663#210026B67BCD817E
(1768226208.445982) slcan0 663#2284000000C847FF
(1768226208.449084) slcan0 663#2313FF1004FF00FF
(1768226208.454418) slcan0 663#243333FFFF004EFF
(1768226208.455707) slcan0 663#25FFFFFF00004B42
(1768226208.459746) slcan0 663#263C000000000000
(1768226208.525705) slcan0 263#0221080000000000
(1768226208.528509) slcan0 663#102A61087FF1FFFF
(1768226208.528842) slcan0 263#3000000000000000
(1768226208.533953) slcan0 663#210026B67BCD817E
(1768226208.535631) slcan0 663#2284000000C847FF
(1768226208.539626) slcan0 663#2313FF1004FF00FF
(1768226208.545941) slcan0 663#243333FFFF004EFF
(1768226208.548770) slcan0 663#25FFFFFF00004B42
(1768226208.554382) slcan0 663#263C000000000000
(1768226208.622930) slcan0 263#0221080000000000
(1768226208.628480) slcan0 663#102A61087FF1FFFF
(1768226208.628585) slcan0 263#3000000000000000
(1768226208.634019) slcan0 663#210026B67BCD817E
(1768226208.635745) slcan0 663#2284000000C847FF
(1768226208.639678) slcan0 663#2313FF1004FF00FF
(1768226208.645628) slcan0 663#243333FFFF004EFF
(1768226208.649175) slcan0 663#25FFFFFF00004B42
(1768226208.654160) slcan0 663#263C000000000000
(1768226208.782058) slcan0 263#0221080000000000
(1768226208.788424) slcan0 663#102A61087FF1FFFF
(1768226208.788699) slcan0 263#3000000000000000
(1768226208.794595) slcan0 663#210026B67ACD817E
(1768226208.795657) slcan0 663#2284000000C847FF
(1768226208.799788) slcan0 663#2313FF1004FF00FF
(1768226208.804982) slcan0 663#243333FFFF004EFF
(1768226208.808484) slcan0 663#25FFFFFF00004B42
(1768226208.816076) slcan0 663#263C000000000000
(1768226208.872155) slcan0 263#0221080000000000
(1768226208.875751) slcan0 663#102A61087FF1FFFF
(1768226208.875810) slcan0 263#3000000000000000
(1768226208.879573) slcan0 663#210026B67ACD817E
(1768226208.884220) slcan0 663#2284000000C847FF
(1768226208.888683) slcan0 663#2313FF1004FF00FF
(1768226208.893918) slcan0 663#243333FFFF004EFF
(1768226208.895679) slcan0 663#25FFFFFF00004B42
(1768226208.900127) slcan0 663#263C000000000000
(1768226209.064318) slcan0 263#041800FF00000000
(1768226209.068707) slcan0 663#0258000000000000
(1768226209.172237) slcan0 263#0221080000000000
(1768226209.175695) slcan0 663#102A61087FF1FFFF
(1768226209.175737) slcan0 263#3000000000000000
(1768226209.179563) slcan0 663#210026B67ACD817E
(1768226209.184186) slcan0 663#2284000000C846FF
(1768226209.188531) slcan0 663#2313FF1004FF00FF
(1768226209.193954) slcan0 663#243333FFFF004EFF
(1768226209.195537) slcan0 663#25FFFFFF00004B42
(1768226209.199545) slcan0 663#263C000000000000
(1768226209.258155) slcan0 263#0221080000000000
(1768226209.260973) slcan0 663#102A61087FF1FFFF
(1768226209.261262) slcan0 263#3000000000000000
(1768226209.268331) slcan0 663#210026B67BCD817E
(1768226209.274365) slcan0 663#2284000000C846FF
(1768226209.275586) slcan0 663#2313FF1004FF00FF
(1768226209.279465) slcan0 663#243333FFFF004EFF
(1768226209.284321) slcan0 663#25FFFFFF00004B42
(1768226209.288379) slcan0 663#263C000000000000
(1768226209.333359) slcan0 263#0221080000000000
(1768226209.335582) slcan0 663#102A61087FF1FFFF
(1768226209.335782) slcan0 263#3000000000000000
(1768226209.339563) slcan0 663#210026B67BCD817F
(1768226209.345992) slcan0 663#2285000000C846FF
(1768226209.348733) slcan0 663#2313FF1004FF00FF
(1768226209.354347) slcan0 663#243333FFFF004EFF
(1768226209.355591) slcan0 663#25FFFFFF00004B42
(1768226209.359762) slcan0 663#263C000000000000
(1768226209.433438) slcan0 263#0221080000000000
(1768226209.435659) slcan0 663#102A61087FF1FFFF
(1768226209.435716) slcan0 263#3000000000000000
(1768226209.439516) slcan0 663#210026B67ACD817E
(1768226209.445881) slcan0 663#2285000000C847FF
(1768226209.448610) slcan0 663#2313FF1004FF00FF
(1768226209.454223) slcan0 663#243333FFFF004EFF
(1768226209.455407) slcan0 663#25FFFFFF00004B42
(1768226209.459810) slcan0 663#263C000000000000
(1768226209.585394) slcan0 263#0221080000000000
(1768226209.588419) slcan0 663#102A61087FF1FFFF
(1768226209.588642) slcan0 263#3000000000000000
(1768226209.593935) slcan0 663#210026B67ACD817E
(1768226209.595517) slcan0 663#2285000000C846FF
(1768226209.599723) slcan0 663#2313FF1004FF00FF
(1768226209.605023) slcan0 663#243333FFFF004EFF
(1768226209.608604) slcan0 663#25FFFFFF00004B42
(1768226209.615897) slcan0 663#263C000000000000
(1768226209.685394) slcan0 263#0221080000000000
(1768226209.688457) slcan0 663#102A61087FF1FFFF
(1768226209.688627) slcan0 263#3000000000000000
(1768226209.694373) slcan0 663#210026B67ACD817E
(1768226209.695508) slcan0 663#2284000000C846FF
(1768226209.699459) slcan0 663#2313FF1004FF00FF
(1768226209.705605) slcan0 663#243333FFFF004BFF
(1768226209.708454) slcan0 663#25FFFFFF00004B42
(1768226209.716232) slcan0 663#263C000000000000
(1768226209.767422) slcan0 263#0221080000000000
(1768226209.773973) slcan0 663#102A61087FF1FFFF
(1768226209.774313) slcan0 263#3000000000000000
(1768226209.775538) slcan0 663#210026B67ACD817E
(1768226209.779571) slcan0 663#2284000000C846FF
(1768226209.784480) slcan0 663#2313FF1004FF00FF
(1768226209.788496) slcan0 663#243333FFFF004EFF
(1768226209.793904) slcan0 663#25FFFFFF00004B42
(1768226209.795448) slcan0 663#263C000000000000
(1768226210.125458) slcan0 263#0221080000000000
(1768226210.128428) slcan0 663#102A61087FF1FFFF
(1768226210.128656) slcan0 263#3000000000000000
(1768226210.133918) slcan0 663#210026B67BCD817E
(1768226210.135590) slcan0 663#2284000000C847FF
(1768226210.139351) slcan0 663#2313FF1004FF00FF
(1768226210.146071) slcan0 663#243333FFFF004EFF
(1768226210.148911) slcan0 663#25FFFFFF00004B42
(1768226210.154153) slcan0 663#263C000000000000
(1768226210.666307) slcan0 263#0221080000000000
(1768226210.674062) slcan0 663#102A61087FF1FFFF
(1768226210.674262) slcan0 263#3000000000000000
(1768226210.675350) slcan0 663#210026B67ACD817E
(1768226210.679218) slcan0 663#2284000000C847FF
(1768226210.684094) slcan0 663#2313FF1004FF00FF
(1768226210.688477) slcan0 663#243333FFFF004EFF
(1768226210.693945) slcan0 663#25FFFFFF00004B42
(1768226210.695412) slcan0 663#263C000000000000
(1768226210.886634) slcan0 263#0221080000000000
(1768226210.894351) slcan0 663#102A61087FF1FFFF
(1768226210.894368) slcan0 263#3000000000000000
(1768226210.899340) slcan0 663#210026B67BCD817E
(1768226210.905178) slcan0 663#2284000000C847FF
(1768226210.909041) slcan0 663#2313FF1004FF00FF
(1768226210.916296) slcan0 663#243333FFFF004EFF
(1768226210.919349) slcan0 663#25FFFFFF00004B42
(1768226210.924694) slcan0 663#263C000000000000
(1768226211.183708) slcan0 263#0221080000000000
(1768226211.188233) slcan0 663#102A61087FF1FFFF
(1768226211.188509) slcan0 263#3000000000000000
(1768226211.194297) slcan0 663#210026B67ACD817E
(1768226211.195294) slcan0 663#2284000000C847FF
(1768226211.199132) slcan0 663#2313FF1004FF00FF
(1768226211.204947) slcan0 663#243333FFFF004EFF
(1768226211.207287) slcan0 663#25FFFFFF00004B42
(1768226211.211214) slcan0 663#263C000000000000
(1768226211.420894) slcan0 263#0221080000000000
(1768226211.427169) slcan0 663#102A61087FF1FFFF
(1768226211.427417) slcan0 263#3000000000000000
(1768226211.434763) slcan0 663#210026B67BCD817E
(1768226211.435228) slcan0 663#2284000000C846FF
(1768226211.439195) slcan0 663#2313FF1004FF00FF
(1768226211.445907) slcan0 663#243333FFFF004EFF
(1768226211.447225) slcan0 663#25FFFFFF00004B42
(1768226211.454559) slcan0 663#263C000000000000
(1768226211.589042) slcan0 263#0221080000000000
(1768226211.594078) slcan0 663#102A61087FF1FFFF
(1768226211.594255) slcan0 263#3000000000000000
(1768226211.595365) slcan0 663#210026B67BCD817E
(1768226211.599235) slcan0 663#2285000000C846FF
(1768226211.604932) slcan0 663#2313FF1004FF00FF
(1768226211.607080) slcan0 663#243333FFFF004EFF
(1768226211.616412) slcan0 663#25FFFFFF00004B42
(1768226211.619210) slcan0 663#263C000000000000
(1768226211.749203) slcan0 263#0221080000000000
(1768226211.751216) slcan0 663#102A61087FF1FFFF
(1768226211.751402) slcan0 263#3000000000000000
(1768226211.755861) slcan0 663#210026B67ACD817E
(1768226211.759192) slcan0 663#2284000000C846FF
(1768226211.764779) slcan0 663#2313FF1004FF00FF
(1768226211.768510) slcan0 663#243333FFFF004EFF
(1768226211.775198) slcan0 663#25FFFFFF00004B42
(1768226211.779113) slcan0 663#263C000000000000
(1768226212.168487) slcan0 263#041800FF00000000
(1768226212.176223) slcan0 663#0258000000000000
(1768226212.394358) slcan0 263#0221080000000000
(1768226212.399065) slcan0 663#102A61087FF1FFFF
(1768226212.399258) slcan0 263#3000000000000000
(1768226212.405330) slcan0 663#210026B67ACD817E
(1768226212.406932) slcan0 663#2285000000C846FF
(1768226212.410949) slcan0 663#2313FF1004FF00FF
(1768226212.417373) slcan0 663#243333FFFF004EFF
(1768226212.419067) slcan0 663#25FFFFFF00004B42
(1768226212.424661) slcan0 663#263C000000000000
(1768226212.608621) slcan0 263#0221080000000000
(1768226212.611047) slcan0 663#102A61087FF1FFFF
(1768226212.611228) slcan0 263#3000000000000000
(1768226212.616917) slcan0 663#210026B67BCD817E
(1768226212.619024) slcan0 663#2284000000C847FF
(1768226212.624638) slcan0 663#2313FF1004FF00FF
(1768226212.627087) slcan0 663#243333FFFF0051FF
(1768226212.630901) slcan0 663#25FFFFFF00004B42
(1768226212.635277) slcan0 663#263C000000000000
(1768226212.720429) slcan0 263#0221080000000000
(1768226212.727032) slcan0 663#102A61087FF1FFFF
(1768226212.727307) slcan0 263#3000000000000000
(1768226212.730796) slcan0 663#210026B67BCD817E
(1768226212.735153) slcan0 663#2284000000C846FF
(1768226212.738893) slcan0 663#2313FF1004FF00FF
(1768226212.745643) slcan0 663#243333FFFF004EFF
(1768226212.747172) slcan0 663#25FFFFFF00004B42
(1768226212.750854) slcan0 663#263C000000000000
(1768226212.875628) slcan0 263#0221080000000000
(1768226212.879490) slcan0 663#102A61087FF1FFFF
(1768226212.879562) slcan0 263#3000000000000000
(1768226212.884413) slcan0 663#210026B67ACD817E
(1768226212.887117) slcan0 663#2285000000C847FF
(1768226212.890854) slcan0 663#2313FF1004FF00FF
(1768226212.895091) slcan0 663#243333FFFF004EFF
(1768226212.898887) slcan0 663#25FFFFFF00004B42
(1768226212.904805) slcan0 663#263C000000000000
(1768226213.126701) slcan0 263#0221080000000000
(1768226213.131185) slcan0 663#102A61087FF1FFFF
(1768226213.131340) slcan0 263#3000000000000000
(1768226213.135136) slcan0 663#210026B67ACD817E
(1768226213.139329) slcan0 663#2284000000C847FF
(1768226213.145457) slcan0 663#2313FF1004FF00FF
(1768226213.147111) slcan0 663#243333FFFF004EFF
(1768226213.151077) slcan0 663#25FFFFFF00004B42
(1768226213.155188) slcan0 663#263C000000000000
(1768226213.269813) slcan0 263#0221080000000000
(1768226213.270875) slcan0 663#102A61087FF1FFFF
(1768226213.271260) slcan0 263#3000000000000000
(1768226213.275029) slcan0 663#210026B67ACD817E
(1768226213.279831) slcan0 663#2284000000C846FF
(1768226213.284175) slcan0 663#2313FF1004FF00FF
(1768226213.287049) slcan0 663#243333FFFF004EFF
(1768226213.290954) slcan0 663#25FFFFFF00004B42
(1768226213.295035) slcan0 663#263C000000000000
(1768226213.576018) slcan0 263#0221080000000000
(1768226213.578924) slcan0 663#102A61087FF1FFFF
(1768226213.579158) slcan0 263#3000000000000000
(1768226213.584348) slcan0 663#210026B67ACD817E
(1768226213.586958) slcan0 663#2284000000C846FF
(1768226213.590985) slcan0 663#2313FF1004FF00FF
(1768226213.595042) slcan0 663#243333FFFF004EFF
(1768226213.598881) slcan0 663#25FFFFFF00004B42
(1768226213.605452) slcan0 663#263C000000000000
(1768226213.718912) slcan0 263#0221080000000000
(1768226213.725227) slcan0 663#102A61087FF1FFFF
(1768226213.725424) slcan0 263#3000000000000000
(1768226213.727049) slcan0 663#210026B67ACD817E
(1768226213.730927) slcan0 663#2284000000C846FF
(1768226213.734931) slcan0 663#2313FF1004FF00FF
(1768226213.738837) slcan0 663#243333FFFF004EFF
(1768226213.746085) slcan0 663#25FFFFFF00004B42
(1768226213.747083) slcan0 663#263C000000000000
(1768226213.808183) slcan0 263#0221080000000000
(1768226213.810839) slcan0 663#102A61087FF1FFFF
(1768226213.811088) slcan0 263#3000000000000000
(1768226213.816371) slcan0 663#210026B67ACD817E
(1768226213.818932) slcan0 663#2284000000C846FF
(1768226213.825000) slcan0 663#2313FF1004FF00FF
(1768226213.827180) slcan0 663#243333FFFF004EFF
(1768226213.830948) slcan0 663#25FFFFFF00004B42
(1768226213.835065) slcan0 663#263C000000000000
(1768226213.932101) slcan0 263#0221080000000000
(1768226213.934958) slcan0 663#102A61087FF1FFFF
(1768226213.935209) slcan0 263#3000000000000000
(1768226213.938910) slcan0 663#210026B67BCD817E
(1768226213.945861) slcan0 663#2285000000C846FF
(1768226213.946802) slcan0 663#2313FF1004FF00FF
(1768226213.950843) slcan0 663#243333FFFF004EFF
(1768226213.954909) slcan0 663#25FFFFFF00004B42
(1768226213.958844) slcan0 663#263C000000000000
(1768226214.037078) slcan0 263#0221080000000000
(1768226214.038836) slcan0 663#102A61087FF1FFFF
(1768226214.039130) slcan0 263#3000000000000000
(1768226214.046243) slcan0 663#210026B67ACD817E
(1768226214.046935) slcan0 663#2284000000C846FF
(1768226214.050861) slcan0 663#2313FF1004FF00FF
(1768226214.054912) slcan0 663#243333FFFF004EFF
(1768226214.058815) slcan0 663#25FFFFFF00004B42
(1768226214.065426) slcan0 663#263C000000000000
(1768226214.148151) slcan0 263#0221080000000000
(1768226214.150799) slcan0 663#102A61087FF1FFFF
(1768226214.151084) slcan0 263#3000000000000000
(1768226214.154888) slcan0 663#210026B67ACD817E
(1768226214.158789) slcan0 663#2284000000C846FF
(1768226214.165562) slcan0 663#2313FF1004FF00FF
(1768226214.166887) slcan0 663#243333FFFF004EFF
(1768226214.170864) slcan0 663#25FFFFFF00004B42
(1768226214.174898) slcan0 663#263C000000000000
(1768226214.249142) slcan0 263#0221080000000000
(1768226214.250862) slcan0 663#102A61087FF1FFFF
(1768226214.251041) slcan0 263#3000000000000000
(1768226214.254931) slcan0 663#210026B67BCD817E
(1768226214.258793) slcan0 663#2284000000C846FF
(1768226214.265777) slcan0 663#2313FF1004FF00FF
(1768226214.266872) slcan0 663#243333FFFF004EFF
(1768226214.270871) slcan0 663#25FFFFFF00004B42
(1768226214.274867) slcan0 663#263C000000000000
(1768226214.420226) slcan0 263#0221080000000000
(1768226214.424932) slcan0 663#102A61087FF1FFFF
(1768226214.425094) slcan0 263#3000000000000000
(1768226214.426931) slcan0 663#210026B67BCD817E
(1768226214.430825) slcan0 663#2284000000C846FF
(1768226214.434807) slcan0 663#2313FF1004FF00FF
(1768226214.438799) slcan0 663#243333FFFF004EFF
(1768226214.446002) slcan0 663#25FFFFFF00004B42
(1768226214.446946) slcan0 663#263C000000000000
(1768226214.731227) slcan0 263#041800FF00000000
(1768226214.735166) slcan0 663#0258000000000000
(1768226214.870269) slcan0 263#0221080000000000
(1768226214.874981) slcan0 663#102A61087FF1FFFF
(1768226214.875049) slcan0 263#3000000000000000
(1768226214.878853) slcan0 663#210026B67ACD817E
(1768226214.883977) slcan0 663#2284000000C846FF
(1768226214.889164) slcan0 663#2313FF1004FF00FF
(1768226214.890739) slcan0 663#243333FFFF004EFF
(1768226214.894716) slcan0 663#25FFFFFF00004B42
(1768226214.898888) slcan0 663#263C000000000000
